<!DOCTYPE html>
<html>
<head>
<meta http-equiv="Content-Type" content="text/html; charset=utf-8"/>
<meta http-equiv="x-ua-compatible" content="IE=edge"/>
<title>Test results - Class au.com.redboxresearchdata.acceptance.RunAcceptanceTest2</title>
<link href="../css/base-style.css" rel="stylesheet" type="text/css"/>
<link href="../css/style.css" rel="stylesheet" type="text/css"/>
<script src="../js/report.js" type="text/javascript"></script>
</head>
<body>
<div id="content">
<h1>Class au.com.redboxresearchdata.acceptance.RunAcceptanceTest2</h1>
<div class="breadcrumbs">
<a href="../index.html">all</a> &gt; 
<a href="../packages/au.com.redboxresearchdata.acceptance.html">au.com.redboxresearchdata.acceptance</a> &gt; RunAcceptanceTest2</div>
<div id="summary">
<table>
<tr>
<td>
<div class="summaryGroup">
<table>
<tr>
<td>
<div class="infoBox" id="tests">
<div class="counter">0</div>
<p>tests</p>
</div>
</td>
<td>
<div class="infoBox" id="failures">
<div class="counter">0</div>
<p>failures</p>
</div>
</td>
<td>
<div class="infoBox" id="ignored">
<div class="counter">0</div>
<p>ignored</p>
</div>
</td>
<td>
<div class="infoBox" id="duration">
<div class="counter">-</div>
<p>duration</p>
</div>
</td>
</tr>
</table>
</div>
</td>
<td>
<div class="infoBox success" id="successRate">
<div class="percent">-</div>
<p>successful</p>
</div>
</td>
</tr>
</table>
</div>
<div id="tabs">
<ul class="tabLinks">
<li>
<a href="#tab0">Tests</a>
</li>
<li>
<a href="#tab1">Standard output</a>
</li>
</ul>
<div id="tab0" class="tab">
<h2>Tests</h2>
<table>
<thead>
<tr>
<th>Test</th>
<th>Duration</th>
<th>Result</th>
</tr>
</thead>
</table>
</div>
<div id="tab1" class="tab">
<h2>Standard output</h2>
<span class="code">
<pre>@login
Feature: Login

  Scenario Outline: As any user, who is not logged in, I type in a url, and I am redirected to the login page ?[90m# Login.feature:4?[0m
    ?[36mWhen ?[0m?[36mI try to go to the &lt;starting&gt; page?[0m
    ?[36mThen ?[0m?[36mI am on the Login page?[0m

    Examples: 

  @login
  Scenario Outline: As any user, who is not logged in, I type in a url, and I am redirected to the login page ?[90m# Login.feature:12?[0m
    ?[32mWhen ?[0m?[32mI try to go to the Login page?[0m                                                                        ?[90m# login_steps.groovy:38?[0m
    ?[32mThen ?[0m?[32mI am on the Login page?[0m                                                                               ?[90m# login_steps.groovy:34?[0m

  Scenario Outline: As any user, I go to any page, and I do not log in and I observe the same logged out layout Page ?[90m# Login.feature:15?[0m
    ?[36mGiven ?[0m?[36mI try to go to the &lt;starting&gt; page?[0m
    ?[36mWhen ?[0m?[36mI do not log in?[0m
    ?[36mThen ?[0m?[36mI should see all of the logged out layout?[0m

    Examples: 

  Scenario: As any user, I select the login dialog ?[90m# Login.feature:26?[0m
    ?[31mGiven ?[0m?[31mI go to the home page?[0m                    ?[90m# home_steps.groovy:27?[0m
      ?[31mgeb.waiting.WaitTimeoutException: condition did not pass in 7.0 seconds (failed with exception)
      	at geb.waiting.Wait.waitFor(Wait.groovy:138)
      	at geb.waiting.Wait$waitFor.call(Unknown Source)
      	at geb.waiting.Wait$waitFor.call(Unknown Source)
      	at geb.Page.verifyThisPageAtOnly(Page.groovy:243)
      	at geb.Page.getAtVerificationResult(Page.groovy:223)
      	at geb.Page.verifyAt(Page.groovy:194)
      	at geb.Page$verifyAt$3.call(Unknown Source)
      	at geb.Page$verifyAt$3.call(Unknown Source)
      	at geb.Browser.doAt(Browser.groovy:457)
      	at geb.Browser.at(Browser.groovy:356)
      	at geb.Browser$at$5.callCurrent(Unknown Source)
      	at geb.Browser$at$5.callCurrent(Unknown Source)
      	at geb.Browser.to(Browser.groovy:571)
      	at geb.Browser$to$1.callCurrent(Unknown Source)
      	at geb.Browser$to$1.callCurrent(Unknown Source)
      	at geb.Browser.to(Browser.groovy:548)
      	at geb.Browser$to$0.callCurrent(Unknown Source)
      	at geb.Browser.to(Browser.groovy:537)
      	at geb.Browser.to(Browser.groovy)
      	at geb.binding.BindingUpdater$InvocationForwarding.doCall(BindingUpdater.groovy:73)
      	at steps.home_steps$_run_closure1.doCall(home_steps.groovy:28)
      	at ✽.Given I go to the home page(Login.feature:27)
      Caused by: geb.waiting.WaitTimeoutException: condition did not pass in 7.0 seconds (failed with exception)
      	at geb.waiting.Wait.waitFor(Wait.groovy:138)
      	at geb.waiting.Wait$waitFor.call(Unknown Source)
      	at geb.waiting.Wait$waitFor.call(Unknown Source)
      	at geb.waiting.DefaultWaitingSupport.doWaitFor(DefaultWaitingSupport.groovy:51)
      	at geb.waiting.DefaultWaitingSupport.waitFor(DefaultWaitingSupport.groovy:38)
      	at geb.waiting.WaitingSupport$waitFor$0.call(Unknown Source)
      	at geb.waiting.WaitingSupport$waitFor$0.call(Unknown Source)
      	at geb.Page.waitFor(Page.groovy:535)
      	at geb.Page.waitFor(Page.groovy)
      	at geb.waiting.WaitingSupport$waitFor.callCurrent(Unknown Source)
      	at au.com.redboxresearchdata.dlcf.page.HomePage.assertMainPanelIsVisible(HomePage.groovy:39)
      	at au.com.redboxresearchdata.dlcf.page.HomePage$__clinit__closure3.doCall(HomePage.groovy:11)
      	at au.com.redboxresearchdata.dlcf.page.HomePage$__clinit__closure3.doCall(HomePage.groovy)
      	at geb.waiting.Wait.waitFor(Wait.groovy:117)
      	at geb.waiting.Wait$waitFor.call(Unknown Source)
      	at geb.waiting.Wait$waitFor.call(Unknown Source)
      	at geb.Page.verifyThisPageAtOnly(Page.groovy:243)
      	at geb.Page.getAtVerificationResult(Page.groovy:223)
      	at geb.Page.verifyAt(Page.groovy:194)
      	at geb.Page$verifyAt$3.call(Unknown Source)
      	at geb.Page$verifyAt$3.call(Unknown Source)
      	at geb.Browser.doAt(Browser.groovy:457)
      	at geb.Browser.at(Browser.groovy:356)
      	at geb.Browser$at$5.callCurrent(Unknown Source)
      	at geb.Browser$at$5.callCurrent(Unknown Source)
      	at geb.Browser.to(Browser.groovy:571)
      	at geb.Browser$to$1.callCurrent(Unknown Source)
      	at geb.Browser$to$1.callCurrent(Unknown Source)
      	at geb.Browser.to(Browser.groovy:548)
      	at geb.Browser$to$0.callCurrent(Unknown Source)
      	at geb.Browser.to(Browser.groovy:537)
      	at geb.Browser.to(Browser.groovy)
      	at geb.binding.BindingUpdater$InvocationForwarding.doCall(BindingUpdater.groovy:73)
      	at steps.home_steps$_run_closure1.doCall(home_steps.groovy:28)
      	at cucumber.runtime.groovy.GroovyBackend.invoke(GroovyBackend.java:155)
      	at cucumber.runtime.groovy.GroovyStepDefinition$1.call(GroovyStepDefinition.java:67)
      	at cucumber.runtime.Timeout.timeout(Timeout.java:16)
      	at cucumber.runtime.groovy.GroovyStepDefinition.execute(GroovyStepDefinition.java:64)
      	at cucumber.runtime.StepDefinitionMatch.runStep(StepDefinitionMatch.java:37)
      	at cucumber.runtime.Runtime.runStep(Runtime.java:300)
      	at cucumber.runtime.model.StepContainer.runStep(StepContainer.java:44)
      	at cucumber.runtime.model.StepContainer.runSteps(StepContainer.java:39)
      	at cucumber.runtime.model.CucumberScenario.run(CucumberScenario.java:44)
      	at cucumber.runtime.junit.ExecutionUnitRunner.run(ExecutionUnitRunner.java:102)
      	at cucumber.runtime.junit.FeatureRunner.runChild(FeatureRunner.java:63)
      	at cucumber.runtime.junit.FeatureRunner.runChild(FeatureRunner.java:18)
      	at org.junit.runners.ParentRunner$3.run(ParentRunner.java:290)
      	at org.junit.runners.ParentRunner$1.schedule(ParentRunner.java:71)
      	at org.junit.runners.ParentRunner.runChildren(ParentRunner.java:288)
      	at org.junit.runners.ParentRunner.access$000(ParentRunner.java:58)
      	at org.junit.runners.ParentRunner$2.evaluate(ParentRunner.java:268)
      	at org.junit.runners.ParentRunner.run(ParentRunner.java:363)
      	at cucumber.runtime.junit.FeatureRunner.run(FeatureRunner.java:70)
      	at cucumber.api.junit.Cucumber.runChild(Cucumber.java:95)
      	at cucumber.api.junit.Cucumber.runChild(Cucumber.java:38)
      	at org.junit.runners.ParentRunner$3.run(ParentRunner.java:290)
      	at org.junit.runners.ParentRunner$1.schedule(ParentRunner.java:71)
      	at org.junit.runners.ParentRunner.runChildren(ParentRunner.java:288)
      	at org.junit.runners.ParentRunner.access$000(ParentRunner.java:58)
      	at org.junit.runners.ParentRunner$2.evaluate(ParentRunner.java:268)
      	at org.junit.runners.ParentRunner.run(ParentRunner.java:363)
      	at cucumber.api.junit.Cucumber.run(Cucumber.java:100)
      	at org.gradle.api.internal.tasks.testing.junit.JUnitTestClassExecuter.runTestClass(JUnitTestClassExecuter.java:114)
      	at org.gradle.api.internal.tasks.testing.junit.JUnitTestClassExecuter.execute(JUnitTestClassExecuter.java:57)
      	at org.gradle.api.internal.tasks.testing.junit.JUnitTestClassProcessor.processTestClass(JUnitTestClassProcessor.java:66)
      	at org.gradle.api.internal.tasks.testing.SuiteTestClassProcessor.processTestClass(SuiteTestClassProcessor.java:51)
      	at org.gradle.internal.dispatch.ReflectionDispatch.dispatch(ReflectionDispatch.java:35)
      	at org.gradle.internal.dispatch.ReflectionDispatch.dispatch(ReflectionDispatch.java:24)
      	at org.gradle.internal.dispatch.ContextClassLoaderDispatch.dispatch(ContextClassLoaderDispatch.java:32)
      	at org.gradle.internal.dispatch.ProxyDispatchAdapter$DispatchingInvocationHandler.invoke(ProxyDispatchAdapter.java:93)
      	at com.sun.proxy.$Proxy2.processTestClass(Unknown Source)
      	at org.gradle.api.internal.tasks.testing.worker.TestWorker.processTestClass(TestWorker.java:109)
      	at org.gradle.internal.dispatch.ReflectionDispatch.dispatch(ReflectionDispatch.java:35)
      	at org.gradle.internal.dispatch.ReflectionDispatch.dispatch(ReflectionDispatch.java:24)
      	at org.gradle.internal.remote.internal.hub.MessageHubBackedObjectConnection$DispatchWrapper.dispatch(MessageHubBackedObjectConnection.java:147)
      	at org.gradle.internal.remote.internal.hub.MessageHubBackedObjectConnection$DispatchWrapper.dispatch(MessageHubBackedObjectConnection.java:129)
      	at org.gradle.internal.remote.internal.hub.MessageHub$Handler.run(MessageHub.java:404)
      	at org.gradle.internal.concurrent.ExecutorPolicy$CatchAndRecordFailures.onExecute(ExecutorPolicy.java:63)
      	at org.gradle.internal.concurrent.StoppableExecutorImpl$1.run(StoppableExecutorImpl.java:46)
      Caused by: geb.error.RequiredPageContentNotPresent: The required page content 'au.com.redboxresearchdata.dlcf.page.HomePage -&gt; layout: au.com.redboxresearchdata.dlcf.module.LayoutModule -&gt; defaultPanel: geb.navigator.EmptyNavigator' is not present
      	at geb.content.TemplateDerivedPageContent.require(TemplateDerivedPageContent.groovy:60)
      	at geb.content.PageContentTemplate$_create_closure1.doCall(PageContentTemplate.groovy:63)
      	at geb.content.PageContentTemplate$_create_closure1.doCall(PageContentTemplate.groovy)
      	at geb.content.PageContentTemplate.create(PageContentTemplate.groovy:82)
      	at geb.content.PageContentTemplate.get(PageContentTemplate.groovy:54)
      	at geb.content.DefaultPageContentSupport.getContent(DefaultPageContentSupport.groovy:42)
      	at geb.content.PageContentSupport.propertyMissing(PageContentSupport.groovy:39)
      	at geb.content.PageContentSupport$propertyMissing.call(Unknown Source)
      	at geb.Module.propertyMissing(Module.groovy:106)
      	at geb.Module.getProperty(Module.groovy)
      	at geb.content.TemplateDerivedPageContent.propertyMissing(TemplateDerivedPageContent.groovy:88)
      	at geb.content.TemplateDerivedPageContent.getProperty(TemplateDerivedPageContent.groovy)
      	at au.com.redboxresearchdata.dlcf.page.HomePage$__clinit__closure4$_closure5.doCall(HomePage.groovy:15)
      	at au.com.redboxresearchdata.dlcf.page.HomePage$__clinit__closure4$_closure5.doCall(HomePage.groovy)
      	at geb.content.PageContentTemplate.invokeFactory(PageContentTemplate.groovy:97)
      	at geb.content.PageContentTemplate$_create_closure1.doCall(PageContentTemplate.groovy:59)
      	at geb.content.PageContentTemplate$_create_closure1.doCall(PageContentTemplate.groovy)
      	at geb.content.PageContentTemplate.create(PageContentTemplate.groovy:82)
      	at geb.content.PageContentTemplate.get(PageContentTemplate.groovy:54)
      	at geb.content.DefaultPageContentSupport.getContent(DefaultPageContentSupport.groovy:42)
      	at geb.content.PageContentSupport.propertyMissing(PageContentSupport.groovy:39)
      	at geb.content.PageContentSupport$propertyMissing.call(Unknown Source)
      	at geb.Page.propertyMissing(Page.groovy:112)
      	at geb.Page.getProperty(Page.groovy)
      	at geb.content.PageContentTemplateFactoryDelegate.propertyMissing(PageContentTemplateFactoryDelegate.groovy:45)
      	at geb.content.PageContentTemplateFactoryDelegate.getProperty(PageContentTemplateFactoryDelegate.groovy)
      	at au.com.redboxresearchdata.dlcf.page.HomePage$__clinit__closure4$_closure6.doCall(HomePage.groovy:18)
      	at au.com.redboxresearchdata.dlcf.page.HomePage$__clinit__closure4$_closure6.doCall(HomePage.groovy)
      	at geb.content.PageContentTemplate.invokeFactory(PageContentTemplate.groovy:97)
      	at geb.content.PageContentTemplate$_create_closure1.doCall(PageContentTemplate.groovy:59)
      	at geb.content.PageContentTemplate$_create_closure1.doCall(PageContentTemplate.groovy)
      	at geb.content.PageContentTemplate.create(PageContentTemplate.groovy:82)
      	at geb.content.PageContentTemplate.get(PageContentTemplate.groovy:54)
      	at geb.content.DefaultPageContentSupport.getContent(DefaultPageContentSupport.groovy:42)
      	at geb.content.PageContentSupport.propertyMissing(PageContentSupport.groovy:39)
      	at geb.content.PageContentSupport$propertyMissing.call(Unknown Source)
      	at geb.Page.propertyMissing(Page.groovy:112)
      	at geb.Page.getProperty(Page.groovy)
      	at geb.content.PageContentTemplateFactoryDelegate.propertyMissing(PageContentTemplateFactoryDelegate.groovy:45)
      	at geb.content.PageContentTemplateFactoryDelegate.getProperty(PageContentTemplateFactoryDelegate.groovy)
      	at au.com.redboxresearchdata.dlcf.page.HomePage$__clinit__closure4$_closure7.doCall(HomePage.groovy:23)
      	at au.com.redboxresearchdata.dlcf.page.HomePage$__clinit__closure4$_closure7.doCall(HomePage.groovy)
      	at geb.content.PageContentTemplate.invokeFactory(PageContentTemplate.groovy:97)
      	at geb.content.PageContentTemplate$_create_closure1.doCall(PageContentTemplate.groovy:59)
      	at geb.content.PageContentTemplate$_create_closure1.doCall(PageContentTemplate.groovy)
      	at geb.content.PageContentTemplate.create(PageContentTemplate.groovy:82)
      	at geb.content.PageContentTemplate.get(PageContentTemplate.groovy:54)
      	at geb.content.DefaultPageContentSupport.getContent(DefaultPageContentSupport.groovy:42)
      	at geb.content.PageContentSupport.propertyMissing(PageContentSupport.groovy:39)
      	at geb.content.PageContentSupport$propertyMissing.call(Unknown Source)
      	at geb.Page.propertyMissing(Page.groovy:112)
      	at geb.Page.getProperty(Page.groovy)
      	at au.com.redboxresearchdata.dlcf.page.HomePage$_assertMainPanelIsVisible_closure1.doCall(HomePage.groovy:39)
      	at au.com.redboxresearchdata.dlcf.page.HomePage$_assertMainPanelIsVisible_closure1.doCall(HomePage.groovy)
      	at geb.waiting.Wait.waitFor(Wait.groovy:127)
      	... 78 more
      ?[0m
    ?[36mWhen ?[0m?[36mI click on login?[0m                          ?[90m# login_steps.groovy:30?[0m
    ?[36mThen ?[0m?[36mI am on the login page?[0m                    ?[90m# login_steps.groovy:34?[0m
    ?[36mAnd ?[0m?[36mI should see the login dialog?[0m              ?[90m# login_steps.groovy:42?[0m

  #   Once set, any other aaf login will be stuck with the same user/role
  Scenario Outline: As a &lt;role&gt; user, I login using &lt;credentialsType&gt; ?[90m# Login.feature:33?[0m
    ?[36mGiven ?[0m?[36mI am a &lt;role&gt; user?[0m
    ?[36mAnd ?[0m?[36mI go to the login page?[0m
    ?[36mWhen ?[0m?[36mI log in using &lt;credentialsType&gt; credentials?[0m
    ?[36mThen ?[0m?[36mI am on the dashboard page?[0m
    ?[36mAnd ?[0m?[36mI am logged in?[0m

    Examples: 

  @login
  Scenario Outline: As a guest user, I login using aaf ?[90m# Login.feature:42?[0m
    ?[32mGiven ?[0m?[32mI am a ?[0m?[32m?[1mguest?[0m?[32m user?[0m                            ?[90m# user_steps.groovy:20?[0m
    ?[32mAnd ?[0m?[32mI go to the login page?[0m                         ?[90m# login_steps.groovy:46?[0m
    ?[31mWhen ?[0m?[31mI log in using aaf credentials?[0m                ?[90m# login_steps.groovy:17?[0m
      ?[31mgeb.error.RequiredPageContentNotPresent: The required page content 'au.com.redboxresearchdata.dlcf.page.LoginPage -&gt; aaf: au.com.redboxresearchdata.dlcf.module.login.AafLoginModule -&gt; login: au.com.redboxresearchdata.dlcf.module.login.LoginModule -&gt; layout: au.com.redboxresearchdata.dlcf.module.LayoutModule -&gt; defaultPanel: geb.navigator.EmptyNavigator' is not present
      	at geb.content.TemplateDerivedPageContent.require(TemplateDerivedPageContent.groovy:60)
      	at geb.content.PageContentTemplate$_create_closure1.doCall(PageContentTemplate.groovy:63)
      	at geb.content.PageContentTemplate$_create_closure1.doCall(PageContentTemplate.groovy)
      	at geb.content.PageContentTemplate.create(PageContentTemplate.groovy:82)
      	at geb.content.PageContentTemplate.get(PageContentTemplate.groovy:54)
      	at geb.content.DefaultPageContentSupport.getContent(DefaultPageContentSupport.groovy:42)
      	at geb.content.PageContentSupport.propertyMissing(PageContentSupport.groovy:39)
      	at geb.content.PageContentSupport$propertyMissing.call(Unknown Source)
      	at geb.Module.propertyMissing(Module.groovy:106)
      	at geb.Module.getProperty(Module.groovy)
      	at geb.content.TemplateDerivedPageContent.propertyMissing(TemplateDerivedPageContent.groovy:88)
      	at geb.content.TemplateDerivedPageContent.getProperty(TemplateDerivedPageContent.groovy)
      	at au.com.redboxresearchdata.dlcf.module.login.LoginModule$__clinit__closure1$_closure3.doCall(LoginModule.groovy:34)
      	at au.com.redboxresearchdata.dlcf.module.login.LoginModule$__clinit__closure1$_closure3.doCall(LoginModule.groovy)
      	at geb.content.PageContentTemplate.invokeFactory(PageContentTemplate.groovy:97)
      	at geb.content.PageContentTemplate$_create_closure1.doCall(PageContentTemplate.groovy:59)
      	at geb.content.PageContentTemplate$_create_closure1.doCall(PageContentTemplate.groovy)
      	at geb.content.PageContentTemplate.create(PageContentTemplate.groovy:82)
      	at geb.content.PageContentTemplate.get(PageContentTemplate.groovy:54)
      	at geb.content.DefaultPageContentSupport.getContent(DefaultPageContentSupport.groovy:42)
      	at geb.content.PageContentSupport.propertyMissing(PageContentSupport.groovy:39)
      	at geb.content.PageContentSupport$propertyMissing.call(Unknown Source)
      	at geb.Module.propertyMissing(Module.groovy:106)
      	at geb.Module.getProperty(Module.groovy)
      	at geb.content.PageContentTemplateFactoryDelegate.propertyMissing(PageContentTemplateFactoryDelegate.groovy:45)
      	at geb.content.PageContentTemplateFactoryDelegate.getProperty(PageContentTemplateFactoryDelegate.groovy)
      	at au.com.redboxresearchdata.dlcf.module.login.LoginModule$__clinit__closure1$_closure5.doCall(LoginModule.groovy:40)
      	at au.com.redboxresearchdata.dlcf.module.login.LoginModule$__clinit__closure1$_closure5.doCall(LoginModule.groovy)
      	at geb.content.PageContentTemplate.invokeFactory(PageContentTemplate.groovy:97)
      	at geb.content.PageContentTemplate$_create_closure1.doCall(PageContentTemplate.groovy:59)
      	at geb.content.PageContentTemplate$_create_closure1.doCall(PageContentTemplate.groovy)
      	at geb.content.PageContentTemplate.create(PageContentTemplate.groovy:82)
      	at geb.content.PageContentTemplate.get(PageContentTemplate.groovy:54)
      	at geb.content.DefaultPageContentSupport.getContent(DefaultPageContentSupport.groovy:42)
      	at geb.content.PageContentSupport.propertyMissing(PageContentSupport.groovy:39)
      	at geb.content.PageContentSupport$propertyMissing.call(Unknown Source)
      	at geb.Module.propertyMissing(Module.groovy:106)
      	at geb.Module.getProperty(Module.groovy)
      	at geb.content.TemplateDerivedPageContent.propertyMissing(TemplateDerivedPageContent.groovy:88)
      	at geb.content.TemplateDerivedPageContent.getProperty(TemplateDerivedPageContent.groovy)
      	at au.com.redboxresearchdata.dlcf.module.login.AafLoginModule$__clinit__closure1$_closure4.doCall(AafLoginModule.groovy:36)
      	at au.com.redboxresearchdata.dlcf.module.login.AafLoginModule$__clinit__closure1$_closure4.doCall(AafLoginModule.groovy)
      	at geb.content.PageContentTemplate.invokeFactory(PageContentTemplate.groovy:97)
      	at geb.content.PageContentTemplate$_create_closure1.doCall(PageContentTemplate.groovy:59)
      	at geb.content.PageContentTemplate$_create_closure1.doCall(PageContentTemplate.groovy)
      	at geb.content.PageContentTemplate.create(PageContentTemplate.groovy:82)
      	at geb.content.PageContentTemplate.get(PageContentTemplate.groovy:54)
      	at geb.content.DefaultPageContentSupport.getContent(DefaultPageContentSupport.groovy:42)
      	at geb.content.PageContentSupport.propertyMissing(PageContentSupport.groovy:39)
      	at geb.content.PageContentSupport$propertyMissing.call(Unknown Source)
      	at geb.Module.propertyMissing(Module.groovy:106)
      	at geb.Module.getProperty(Module.groovy)
      	at geb.content.TemplateDerivedPageContent.propertyMissing(TemplateDerivedPageContent.groovy:88)
      	at geb.content.TemplateDerivedPageContent.getProperty(TemplateDerivedPageContent.groovy)
      	at au.com.redboxresearchdata.dlcf.page.LoginPage.enterAafLogin(LoginPage.groovy:40)
      	at au.com.redboxresearchdata.dlcf.page.LoginPage$enterAafLogin$1.call(Unknown Source)
      	at steps.login_steps$_run_closure2.doCall(login_steps.groovy:19)
      	at ✽.When I log in using aaf credentials(Login.feature:36)
      ?[0m
    ?[36mThen ?[0m?[36mI am on the dashboard page?[0m                    ?[90m# dashboard_steps.groovy:10?[0m
    ?[36mAnd ?[0m?[36mI am logged in?[0m                                 ?[90m# login_steps.groovy:55?[0m

?[31mFailed scenarios:?[0m
?[31mLogin.feature:21 ?[0m# Scenario Outline: As any user, I go to any page, and I do not log in and I observe the same logged out layout Page
?[31mLogin.feature:22 ?[0m# Scenario Outline: As any user, I go to any page, and I do not log in and I observe the same logged out layout Page
?[31mLogin.feature:23 ?[0m# Scenario Outline: As any user, I go to any page, and I do not log in and I observe the same logged out layout Page
?[31mLogin.feature:24 ?[0m# Scenario Outline: As any user, I go to any page, and I do not log in and I observe the same logged out layout Page
?[31mLogin.feature:26 ?[0m# Scenario: As any user, I select the login dialog
?[31mLogin.feature:41 ?[0m# Scenario Outline: As a admin user, I login using local
?[31mLogin.feature:42 ?[0m# Scenario Outline: As a guest user, I login using aaf

11 Scenarios (?[31m7 failed?[0m, ?[32m4 passed?[0m)
34 Steps (?[31m7 failed?[0m, ?[36m11 skipped?[0m, ?[32m16 passed?[0m)
0m51.067s

geb.waiting.WaitTimeoutException: condition did not pass in 7.0 seconds (failed with exception)
	at geb.waiting.Wait.waitFor(Wait.groovy:138)
	at geb.waiting.Wait$waitFor.call(Unknown Source)
	at geb.waiting.Wait$waitFor.call(Unknown Source)
	at geb.waiting.DefaultWaitingSupport.doWaitFor(DefaultWaitingSupport.groovy:51)
	at geb.waiting.DefaultWaitingSupport.waitFor(DefaultWaitingSupport.groovy:38)
	at geb.waiting.WaitingSupport$waitFor$0.call(Unknown Source)
	at geb.waiting.WaitingSupport$waitFor$0.call(Unknown Source)
	at geb.Page.waitFor(Page.groovy:535)
	at geb.Page.waitFor(Page.groovy)
	at geb.Page$waitFor$4.callCurrent(Unknown Source)
	at au.com.redboxresearchdata.dlcf.page.GenericLayoutPage.assertLoginHeaderIsVisible(GenericLayoutPage.groovy:79)
	at au.com.redboxresearchdata.dlcf.page.GenericLayoutPage.assertIsNotLoggedIn(GenericLayoutPage.groovy:74)
	at au.com.redboxresearchdata.dlcf.page.GenericLayoutPage$assertIsNotLoggedIn$0.call(Unknown Source)
	at steps.login_steps$_run_closure10.doCall(login_steps.groovy:61)
	at ✽.When I do not log in(Login.feature:17)
Caused by: geb.error.RequiredPageContentNotPresent: The required page content 'au.com.redboxresearchdata.dlcf.page.LoginPage -&gt; loginHeader: au.com.redboxresearchdata.dlcf.module.login.LoginHeaderModule -&gt; layout: au.com.redboxresearchdata.dlcf.module.LayoutModule -&gt; header: geb.navigator.EmptyNavigator' is not present
	at geb.content.TemplateDerivedPageContent.require(TemplateDerivedPageContent.groovy:60)
	at geb.content.PageContentTemplate$_create_closure1.doCall(PageContentTemplate.groovy:63)
	at geb.content.PageContentTemplate$_create_closure1.doCall(PageContentTemplate.groovy)
	at geb.content.PageContentTemplate.create(PageContentTemplate.groovy:82)
	at geb.content.PageContentTemplate.get(PageContentTemplate.groovy:54)
	at geb.content.DefaultPageContentSupport.getContent(DefaultPageContentSupport.groovy:42)
	at geb.content.PageContentSupport.propertyMissing(PageContentSupport.groovy:39)
	at geb.content.PageContentSupport$propertyMissing.call(Unknown Source)
	at geb.Module.propertyMissing(Module.groovy:106)
	at geb.Module.getProperty(Module.groovy)
	at geb.content.TemplateDerivedPageContent.propertyMissing(TemplateDerivedPageContent.groovy:88)
	at geb.content.TemplateDerivedPageContent.getProperty(TemplateDerivedPageContent.groovy)
	at au.com.redboxresearchdata.dlcf.module.login.LoginHeaderModule$__clinit__closure1$_closure3.doCall(LoginHeaderModule.groovy:33)
	at au.com.redboxresearchdata.dlcf.module.login.LoginHeaderModule$__clinit__closure1$_closure3.doCall(LoginHeaderModule.groovy)
	at geb.content.PageContentTemplate.invokeFactory(PageContentTemplate.groovy:97)
	at geb.content.PageContentTemplate$_create_closure1.doCall(PageContentTemplate.groovy:59)
	at geb.content.PageContentTemplate$_create_closure1.doCall(PageContentTemplate.groovy)
	at geb.content.PageContentTemplate.create(PageContentTemplate.groovy:82)
	at geb.content.PageContentTemplate.get(PageContentTemplate.groovy:54)
	at geb.content.DefaultPageContentSupport.getContent(DefaultPageContentSupport.groovy:42)
	at geb.content.PageContentSupport.propertyMissing(PageContentSupport.groovy:39)
	at geb.content.PageContentSupport$propertyMissing.call(Unknown Source)
	at geb.Module.propertyMissing(Module.groovy:106)
	at geb.Module.getProperty(Module.groovy)
	at geb.content.TemplateDerivedPageContent.propertyMissing(TemplateDerivedPageContent.groovy:88)
	at geb.content.TemplateDerivedPageContent.getProperty(TemplateDerivedPageContent.groovy)
	at au.com.redboxresearchdata.dlcf.page.GenericLayoutPage$_assertLoginHeaderIsVisible_closure2.doCall(GenericLayoutPage.groovy:79)
	at au.com.redboxresearchdata.dlcf.page.GenericLayoutPage$_assertLoginHeaderIsVisible_closure2.doCall(GenericLayoutPage.groovy)
	at geb.waiting.Wait.waitFor(Wait.groovy:127)
	at geb.waiting.Wait$waitFor.call(Unknown Source)
	at geb.waiting.Wait$waitFor.call(Unknown Source)
	at geb.waiting.DefaultWaitingSupport.doWaitFor(DefaultWaitingSupport.groovy:51)
	at geb.waiting.DefaultWaitingSupport.waitFor(DefaultWaitingSupport.groovy:38)
	at geb.waiting.WaitingSupport$waitFor$0.call(Unknown Source)
	at geb.waiting.WaitingSupport$waitFor$0.call(Unknown Source)
	at geb.Page.waitFor(Page.groovy:535)
	at geb.Page.waitFor(Page.groovy)
	at geb.Page$waitFor$4.callCurrent(Unknown Source)
	at au.com.redboxresearchdata.dlcf.page.GenericLayoutPage.assertLoginHeaderIsVisible(GenericLayoutPage.groovy:79)
	at au.com.redboxresearchdata.dlcf.page.GenericLayoutPage.assertIsNotLoggedIn(GenericLayoutPage.groovy:74)
	at au.com.redboxresearchdata.dlcf.page.GenericLayoutPage$assertIsNotLoggedIn$0.call(Unknown Source)
	at steps.login_steps$_run_closure10.doCall(login_steps.groovy:61)
	at cucumber.runtime.groovy.GroovyBackend.invoke(GroovyBackend.java:155)
	at cucumber.runtime.groovy.GroovyStepDefinition$1.call(GroovyStepDefinition.java:67)
	at cucumber.runtime.Timeout.timeout(Timeout.java:16)
	at cucumber.runtime.groovy.GroovyStepDefinition.execute(GroovyStepDefinition.java:64)
	at cucumber.runtime.StepDefinitionMatch.runStep(StepDefinitionMatch.java:37)
	at cucumber.runtime.Runtime.runStep(Runtime.java:300)
	at cucumber.runtime.model.StepContainer.runStep(StepContainer.java:44)
	at cucumber.runtime.model.StepContainer.runSteps(StepContainer.java:39)
	at cucumber.runtime.model.CucumberScenario.run(CucumberScenario.java:44)
	at cucumber.runtime.junit.ExecutionUnitRunner.run(ExecutionUnitRunner.java:102)
	at org.junit.runners.Suite.runChild(Suite.java:128)
	at org.junit.runners.Suite.runChild(Suite.java:27)
	at org.junit.runners.ParentRunner$3.run(ParentRunner.java:290)
	at org.junit.runners.ParentRunner$1.schedule(ParentRunner.java:71)
	at org.junit.runners.ParentRunner.runChildren(ParentRunner.java:288)
	at org.junit.runners.ParentRunner.access$000(ParentRunner.java:58)
	at org.junit.runners.ParentRunner$2.evaluate(ParentRunner.java:268)
	at org.junit.runners.ParentRunner.run(ParentRunner.java:363)
	at cucumber.runtime.junit.ExamplesRunner.run(ExamplesRunner.java:59)
	at org.junit.runners.Suite.runChild(Suite.java:128)
	at org.junit.runners.Suite.runChild(Suite.java:27)
	at org.junit.runners.ParentRunner$3.run(ParentRunner.java:290)
	at org.junit.runners.ParentRunner$1.schedule(ParentRunner.java:71)
	at org.junit.runners.ParentRunner.runChildren(ParentRunner.java:288)
	at org.junit.runners.ParentRunner.access$000(ParentRunner.java:58)
	at org.junit.runners.ParentRunner$2.evaluate(ParentRunner.java:268)
	at org.junit.runners.ParentRunner.run(ParentRunner.java:363)
	at cucumber.runtime.junit.ScenarioOutlineRunner.run(ScenarioOutlineRunner.java:53)
	at cucumber.runtime.junit.FeatureRunner.runChild(FeatureRunner.java:63)
	at cucumber.runtime.junit.FeatureRunner.runChild(FeatureRunner.java:18)
	at org.junit.runners.ParentRunner$3.run(ParentRunner.java:290)
	at org.junit.runners.ParentRunner$1.schedule(ParentRunner.java:71)
	at org.junit.runners.ParentRunner.runChildren(ParentRunner.java:288)
	at org.junit.runners.ParentRunner.access$000(ParentRunner.java:58)
	at org.junit.runners.ParentRunner$2.evaluate(ParentRunner.java:268)
	at org.junit.runners.ParentRunner.run(ParentRunner.java:363)
	at cucumber.runtime.junit.FeatureRunner.run(FeatureRunner.java:70)
	at cucumber.api.junit.Cucumber.runChild(Cucumber.java:95)
	at cucumber.api.junit.Cucumber.runChild(Cucumber.java:38)
	at org.junit.runners.ParentRunner$3.run(ParentRunner.java:290)
	at org.junit.runners.ParentRunner$1.schedule(ParentRunner.java:71)
	at org.junit.runners.ParentRunner.runChildren(ParentRunner.java:288)
	at org.junit.runners.ParentRunner.access$000(ParentRunner.java:58)
	at org.junit.runners.ParentRunner$2.evaluate(ParentRunner.java:268)
	at org.junit.runners.ParentRunner.run(ParentRunner.java:363)
	at cucumber.api.junit.Cucumber.run(Cucumber.java:100)
	at org.gradle.api.internal.tasks.testing.junit.JUnitTestClassExecuter.runTestClass(JUnitTestClassExecuter.java:114)
	at org.gradle.api.internal.tasks.testing.junit.JUnitTestClassExecuter.execute(JUnitTestClassExecuter.java:57)
	at org.gradle.api.internal.tasks.testing.junit.JUnitTestClassProcessor.processTestClass(JUnitTestClassProcessor.java:66)
	at org.gradle.api.internal.tasks.testing.SuiteTestClassProcessor.processTestClass(SuiteTestClassProcessor.java:51)
	at org.gradle.internal.dispatch.ReflectionDispatch.dispatch(ReflectionDispatch.java:35)
	at org.gradle.internal.dispatch.ReflectionDispatch.dispatch(ReflectionDispatch.java:24)
	at org.gradle.internal.dispatch.ContextClassLoaderDispatch.dispatch(ContextClassLoaderDispatch.java:32)
	at org.gradle.internal.dispatch.ProxyDispatchAdapter$DispatchingInvocationHandler.invoke(ProxyDispatchAdapter.java:93)
	at com.sun.proxy.$Proxy2.processTestClass(Unknown Source)
	at org.gradle.api.internal.tasks.testing.worker.TestWorker.processTestClass(TestWorker.java:109)
	at org.gradle.internal.dispatch.ReflectionDispatch.dispatch(ReflectionDispatch.java:35)
	at org.gradle.internal.dispatch.ReflectionDispatch.dispatch(ReflectionDispatch.java:24)
	at org.gradle.internal.remote.internal.hub.MessageHubBackedObjectConnection$DispatchWrapper.dispatch(MessageHubBackedObjectConnection.java:147)
	at org.gradle.internal.remote.internal.hub.MessageHubBackedObjectConnection$DispatchWrapper.dispatch(MessageHubBackedObjectConnection.java:129)
	at org.gradle.internal.remote.internal.hub.MessageHub$Handler.run(MessageHub.java:404)
	at org.gradle.internal.concurrent.ExecutorPolicy$CatchAndRecordFailures.onExecute(ExecutorPolicy.java:63)
	at org.gradle.internal.concurrent.StoppableExecutorImpl$1.run(StoppableExecutorImpl.java:46)

geb.waiting.WaitTimeoutException: condition did not pass in 7.0 seconds (failed with exception)
	at geb.waiting.Wait.waitFor(Wait.groovy:138)
	at geb.waiting.Wait$waitFor.call(Unknown Source)
	at geb.waiting.Wait$waitFor.call(Unknown Source)
	at geb.waiting.DefaultWaitingSupport.doWaitFor(DefaultWaitingSupport.groovy:51)
	at geb.waiting.DefaultWaitingSupport.waitFor(DefaultWaitingSupport.groovy:38)
	at geb.waiting.WaitingSupport$waitFor$0.call(Unknown Source)
	at geb.waiting.WaitingSupport$waitFor$0.call(Unknown Source)
	at geb.Page.waitFor(Page.groovy:535)
	at geb.Page.waitFor(Page.groovy)
	at geb.Page$waitFor$4.callCurrent(Unknown Source)
	at au.com.redboxresearchdata.dlcf.page.GenericLayoutPage.assertLoginHeaderIsVisible(GenericLayoutPage.groovy:79)
	at au.com.redboxresearchdata.dlcf.page.GenericLayoutPage.assertIsNotLoggedIn(GenericLayoutPage.groovy:74)
	at au.com.redboxresearchdata.dlcf.page.GenericLayoutPage$assertIsNotLoggedIn$0.call(Unknown Source)
	at steps.login_steps$_run_closure10.doCall(login_steps.groovy:61)
	at ✽.When I do not log in(Login.feature:17)
Caused by: geb.error.RequiredPageContentNotPresent: The required page content 'au.com.redboxresearchdata.dlcf.page.LoginPage -&gt; loginHeader: au.com.redboxresearchdata.dlcf.module.login.LoginHeaderModule -&gt; layout: au.com.redboxresearchdata.dlcf.module.LayoutModule -&gt; header: geb.navigator.EmptyNavigator' is not present
	at geb.content.TemplateDerivedPageContent.require(TemplateDerivedPageContent.groovy:60)
	at geb.content.PageContentTemplate$_create_closure1.doCall(PageContentTemplate.groovy:63)
	at geb.content.PageContentTemplate$_create_closure1.doCall(PageContentTemplate.groovy)
	at geb.content.PageContentTemplate.create(PageContentTemplate.groovy:82)
	at geb.content.PageContentTemplate.get(PageContentTemplate.groovy:54)
	at geb.content.DefaultPageContentSupport.getContent(DefaultPageContentSupport.groovy:42)
	at geb.content.PageContentSupport.propertyMissing(PageContentSupport.groovy:39)
	at geb.content.PageContentSupport$propertyMissing.call(Unknown Source)
	at geb.Module.propertyMissing(Module.groovy:106)
	at geb.Module.getProperty(Module.groovy)
	at geb.content.TemplateDerivedPageContent.propertyMissing(TemplateDerivedPageContent.groovy:88)
	at geb.content.TemplateDerivedPageContent.getProperty(TemplateDerivedPageContent.groovy)
	at au.com.redboxresearchdata.dlcf.module.login.LoginHeaderModule$__clinit__closure1$_closure3.doCall(LoginHeaderModule.groovy:33)
	at au.com.redboxresearchdata.dlcf.module.login.LoginHeaderModule$__clinit__closure1$_closure3.doCall(LoginHeaderModule.groovy)
	at geb.content.PageContentTemplate.invokeFactory(PageContentTemplate.groovy:97)
	at geb.content.PageContentTemplate$_create_closure1.doCall(PageContentTemplate.groovy:59)
	at geb.content.PageContentTemplate$_create_closure1.doCall(PageContentTemplate.groovy)
	at geb.content.PageContentTemplate.create(PageContentTemplate.groovy:82)
	at geb.content.PageContentTemplate.get(PageContentTemplate.groovy:54)
	at geb.content.DefaultPageContentSupport.getContent(DefaultPageContentSupport.groovy:42)
	at geb.content.PageContentSupport.propertyMissing(PageContentSupport.groovy:39)
	at geb.content.PageContentSupport$propertyMissing.call(Unknown Source)
	at geb.Module.propertyMissing(Module.groovy:106)
	at geb.Module.getProperty(Module.groovy)
	at geb.content.TemplateDerivedPageContent.propertyMissing(TemplateDerivedPageContent.groovy:88)
	at geb.content.TemplateDerivedPageContent.getProperty(TemplateDerivedPageContent.groovy)
	at au.com.redboxresearchdata.dlcf.page.GenericLayoutPage$_assertLoginHeaderIsVisible_closure2.doCall(GenericLayoutPage.groovy:79)
	at au.com.redboxresearchdata.dlcf.page.GenericLayoutPage$_assertLoginHeaderIsVisible_closure2.doCall(GenericLayoutPage.groovy)
	at geb.waiting.Wait.waitFor(Wait.groovy:127)
	at geb.waiting.Wait$waitFor.call(Unknown Source)
	at geb.waiting.Wait$waitFor.call(Unknown Source)
	at geb.waiting.DefaultWaitingSupport.doWaitFor(DefaultWaitingSupport.groovy:51)
	at geb.waiting.DefaultWaitingSupport.waitFor(DefaultWaitingSupport.groovy:38)
	at geb.waiting.WaitingSupport$waitFor$0.call(Unknown Source)
	at geb.waiting.WaitingSupport$waitFor$0.call(Unknown Source)
	at geb.Page.waitFor(Page.groovy:535)
	at geb.Page.waitFor(Page.groovy)
	at geb.Page$waitFor$4.callCurrent(Unknown Source)
	at au.com.redboxresearchdata.dlcf.page.GenericLayoutPage.assertLoginHeaderIsVisible(GenericLayoutPage.groovy:79)
	at au.com.redboxresearchdata.dlcf.page.GenericLayoutPage.assertIsNotLoggedIn(GenericLayoutPage.groovy:74)
	at au.com.redboxresearchdata.dlcf.page.GenericLayoutPage$assertIsNotLoggedIn$0.call(Unknown Source)
	at steps.login_steps$_run_closure10.doCall(login_steps.groovy:61)
	at cucumber.runtime.groovy.GroovyBackend.invoke(GroovyBackend.java:155)
	at cucumber.runtime.groovy.GroovyStepDefinition$1.call(GroovyStepDefinition.java:67)
	at cucumber.runtime.Timeout.timeout(Timeout.java:16)
	at cucumber.runtime.groovy.GroovyStepDefinition.execute(GroovyStepDefinition.java:64)
	at cucumber.runtime.StepDefinitionMatch.runStep(StepDefinitionMatch.java:37)
	at cucumber.runtime.Runtime.runStep(Runtime.java:300)
	at cucumber.runtime.model.StepContainer.runStep(StepContainer.java:44)
	at cucumber.runtime.model.StepContainer.runSteps(StepContainer.java:39)
	at cucumber.runtime.model.CucumberScenario.run(CucumberScenario.java:44)
	at cucumber.runtime.junit.ExecutionUnitRunner.run(ExecutionUnitRunner.java:102)
	at org.junit.runners.Suite.runChild(Suite.java:128)
	at org.junit.runners.Suite.runChild(Suite.java:27)
	at org.junit.runners.ParentRunner$3.run(ParentRunner.java:290)
	at org.junit.runners.ParentRunner$1.schedule(ParentRunner.java:71)
	at org.junit.runners.ParentRunner.runChildren(ParentRunner.java:288)
	at org.junit.runners.ParentRunner.access$000(ParentRunner.java:58)
	at org.junit.runners.ParentRunner$2.evaluate(ParentRunner.java:268)
	at org.junit.runners.ParentRunner.run(ParentRunner.java:363)
	at cucumber.runtime.junit.ExamplesRunner.run(ExamplesRunner.java:59)
	at org.junit.runners.Suite.runChild(Suite.java:128)
	at org.junit.runners.Suite.runChild(Suite.java:27)
	at org.junit.runners.ParentRunner$3.run(ParentRunner.java:290)
	at org.junit.runners.ParentRunner$1.schedule(ParentRunner.java:71)
	at org.junit.runners.ParentRunner.runChildren(ParentRunner.java:288)
	at org.junit.runners.ParentRunner.access$000(ParentRunner.java:58)
	at org.junit.runners.ParentRunner$2.evaluate(ParentRunner.java:268)
	at org.junit.runners.ParentRunner.run(ParentRunner.java:363)
	at cucumber.runtime.junit.ScenarioOutlineRunner.run(ScenarioOutlineRunner.java:53)
	at cucumber.runtime.junit.FeatureRunner.runChild(FeatureRunner.java:63)
	at cucumber.runtime.junit.FeatureRunner.runChild(FeatureRunner.java:18)
	at org.junit.runners.ParentRunner$3.run(ParentRunner.java:290)
	at org.junit.runners.ParentRunner$1.schedule(ParentRunner.java:71)
	at org.junit.runners.ParentRunner.runChildren(ParentRunner.java:288)
	at org.junit.runners.ParentRunner.access$000(ParentRunner.java:58)
	at org.junit.runners.ParentRunner$2.evaluate(ParentRunner.java:268)
	at org.junit.runners.ParentRunner.run(ParentRunner.java:363)
	at cucumber.runtime.junit.FeatureRunner.run(FeatureRunner.java:70)
	at cucumber.api.junit.Cucumber.runChild(Cucumber.java:95)
	at cucumber.api.junit.Cucumber.runChild(Cucumber.java:38)
	at org.junit.runners.ParentRunner$3.run(ParentRunner.java:290)
	at org.junit.runners.ParentRunner$1.schedule(ParentRunner.java:71)
	at org.junit.runners.ParentRunner.runChildren(ParentRunner.java:288)
	at org.junit.runners.ParentRunner.access$000(ParentRunner.java:58)
	at org.junit.runners.ParentRunner$2.evaluate(ParentRunner.java:268)
	at org.junit.runners.ParentRunner.run(ParentRunner.java:363)
	at cucumber.api.junit.Cucumber.run(Cucumber.java:100)
	at org.gradle.api.internal.tasks.testing.junit.JUnitTestClassExecuter.runTestClass(JUnitTestClassExecuter.java:114)
	at org.gradle.api.internal.tasks.testing.junit.JUnitTestClassExecuter.execute(JUnitTestClassExecuter.java:57)
	at org.gradle.api.internal.tasks.testing.junit.JUnitTestClassProcessor.processTestClass(JUnitTestClassProcessor.java:66)
	at org.gradle.api.internal.tasks.testing.SuiteTestClassProcessor.processTestClass(SuiteTestClassProcessor.java:51)
	at org.gradle.internal.dispatch.ReflectionDispatch.dispatch(ReflectionDispatch.java:35)
	at org.gradle.internal.dispatch.ReflectionDispatch.dispatch(ReflectionDispatch.java:24)
	at org.gradle.internal.dispatch.ContextClassLoaderDispatch.dispatch(ContextClassLoaderDispatch.java:32)
	at org.gradle.internal.dispatch.ProxyDispatchAdapter$DispatchingInvocationHandler.invoke(ProxyDispatchAdapter.java:93)
	at com.sun.proxy.$Proxy2.processTestClass(Unknown Source)
	at org.gradle.api.internal.tasks.testing.worker.TestWorker.processTestClass(TestWorker.java:109)
	at org.gradle.internal.dispatch.ReflectionDispatch.dispatch(ReflectionDispatch.java:35)
	at org.gradle.internal.dispatch.ReflectionDispatch.dispatch(ReflectionDispatch.java:24)
	at org.gradle.internal.remote.internal.hub.MessageHubBackedObjectConnection$DispatchWrapper.dispatch(MessageHubBackedObjectConnection.java:147)
	at org.gradle.internal.remote.internal.hub.MessageHubBackedObjectConnection$DispatchWrapper.dispatch(MessageHubBackedObjectConnection.java:129)
	at org.gradle.internal.remote.internal.hub.MessageHub$Handler.run(MessageHub.java:404)
	at org.gradle.internal.concurrent.ExecutorPolicy$CatchAndRecordFailures.onExecute(ExecutorPolicy.java:63)
	at org.gradle.internal.concurrent.StoppableExecutorImpl$1.run(StoppableExecutorImpl.java:46)

geb.waiting.WaitTimeoutException: condition did not pass in 7.0 seconds (failed with exception)
	at geb.waiting.Wait.waitFor(Wait.groovy:138)
	at geb.waiting.Wait$waitFor.call(Unknown Source)
	at geb.waiting.Wait$waitFor.call(Unknown Source)
	at geb.waiting.DefaultWaitingSupport.doWaitFor(DefaultWaitingSupport.groovy:51)
	at geb.waiting.DefaultWaitingSupport.waitFor(DefaultWaitingSupport.groovy:38)
	at geb.waiting.WaitingSupport$waitFor$0.call(Unknown Source)
	at geb.waiting.WaitingSupport$waitFor$0.call(Unknown Source)
	at geb.Page.waitFor(Page.groovy:535)
	at geb.Page.waitFor(Page.groovy)
	at geb.Page$waitFor$4.callCurrent(Unknown Source)
	at au.com.redboxresearchdata.dlcf.page.GenericLayoutPage.assertLoginHeaderIsVisible(GenericLayoutPage.groovy:79)
	at au.com.redboxresearchdata.dlcf.page.GenericLayoutPage.assertIsNotLoggedIn(GenericLayoutPage.groovy:74)
	at au.com.redboxresearchdata.dlcf.page.GenericLayoutPage$assertIsNotLoggedIn$0.call(Unknown Source)
	at steps.login_steps$_run_closure10.doCall(login_steps.groovy:61)
	at ✽.When I do not log in(Login.feature:17)
Caused by: geb.error.RequiredPageContentNotPresent: The required page content 'au.com.redboxresearchdata.dlcf.page.LoginPage -&gt; loginHeader: au.com.redboxresearchdata.dlcf.module.login.LoginHeaderModule -&gt; layout: au.com.redboxresearchdata.dlcf.module.LayoutModule -&gt; header: geb.navigator.EmptyNavigator' is not present
	at geb.content.TemplateDerivedPageContent.require(TemplateDerivedPageContent.groovy:60)
	at geb.content.PageContentTemplate$_create_closure1.doCall(PageContentTemplate.groovy:63)
	at geb.content.PageContentTemplate$_create_closure1.doCall(PageContentTemplate.groovy)
	at geb.content.PageContentTemplate.create(PageContentTemplate.groovy:82)
	at geb.content.PageContentTemplate.get(PageContentTemplate.groovy:54)
	at geb.content.DefaultPageContentSupport.getContent(DefaultPageContentSupport.groovy:42)
	at geb.content.PageContentSupport.propertyMissing(PageContentSupport.groovy:39)
	at geb.content.PageContentSupport$propertyMissing.call(Unknown Source)
	at geb.Module.propertyMissing(Module.groovy:106)
	at geb.Module.getProperty(Module.groovy)
	at geb.content.TemplateDerivedPageContent.propertyMissing(TemplateDerivedPageContent.groovy:88)
	at geb.content.TemplateDerivedPageContent.getProperty(TemplateDerivedPageContent.groovy)
	at au.com.redboxresearchdata.dlcf.module.login.LoginHeaderModule$__clinit__closure1$_closure3.doCall(LoginHeaderModule.groovy:33)
	at au.com.redboxresearchdata.dlcf.module.login.LoginHeaderModule$__clinit__closure1$_closure3.doCall(LoginHeaderModule.groovy)
	at geb.content.PageContentTemplate.invokeFactory(PageContentTemplate.groovy:97)
	at geb.content.PageContentTemplate$_create_closure1.doCall(PageContentTemplate.groovy:59)
	at geb.content.PageContentTemplate$_create_closure1.doCall(PageContentTemplate.groovy)
	at geb.content.PageContentTemplate.create(PageContentTemplate.groovy:82)
	at geb.content.PageContentTemplate.get(PageContentTemplate.groovy:54)
	at geb.content.DefaultPageContentSupport.getContent(DefaultPageContentSupport.groovy:42)
	at geb.content.PageContentSupport.propertyMissing(PageContentSupport.groovy:39)
	at geb.content.PageContentSupport$propertyMissing.call(Unknown Source)
	at geb.Module.propertyMissing(Module.groovy:106)
	at geb.Module.getProperty(Module.groovy)
	at geb.content.TemplateDerivedPageContent.propertyMissing(TemplateDerivedPageContent.groovy:88)
	at geb.content.TemplateDerivedPageContent.getProperty(TemplateDerivedPageContent.groovy)
	at au.com.redboxresearchdata.dlcf.page.GenericLayoutPage$_assertLoginHeaderIsVisible_closure2.doCall(GenericLayoutPage.groovy:79)
	at au.com.redboxresearchdata.dlcf.page.GenericLayoutPage$_assertLoginHeaderIsVisible_closure2.doCall(GenericLayoutPage.groovy)
	at geb.waiting.Wait.waitFor(Wait.groovy:127)
	at geb.waiting.Wait$waitFor.call(Unknown Source)
	at geb.waiting.Wait$waitFor.call(Unknown Source)
	at geb.waiting.DefaultWaitingSupport.doWaitFor(DefaultWaitingSupport.groovy:51)
	at geb.waiting.DefaultWaitingSupport.waitFor(DefaultWaitingSupport.groovy:38)
	at geb.waiting.WaitingSupport$waitFor$0.call(Unknown Source)
	at geb.waiting.WaitingSupport$waitFor$0.call(Unknown Source)
	at geb.Page.waitFor(Page.groovy:535)
	at geb.Page.waitFor(Page.groovy)
	at geb.Page$waitFor$4.callCurrent(Unknown Source)
	at au.com.redboxresearchdata.dlcf.page.GenericLayoutPage.assertLoginHeaderIsVisible(GenericLayoutPage.groovy:79)
	at au.com.redboxresearchdata.dlcf.page.GenericLayoutPage.assertIsNotLoggedIn(GenericLayoutPage.groovy:74)
	at au.com.redboxresearchdata.dlcf.page.GenericLayoutPage$assertIsNotLoggedIn$0.call(Unknown Source)
	at steps.login_steps$_run_closure10.doCall(login_steps.groovy:61)
	at cucumber.runtime.groovy.GroovyBackend.invoke(GroovyBackend.java:155)
	at cucumber.runtime.groovy.GroovyStepDefinition$1.call(GroovyStepDefinition.java:67)
	at cucumber.runtime.Timeout.timeout(Timeout.java:16)
	at cucumber.runtime.groovy.GroovyStepDefinition.execute(GroovyStepDefinition.java:64)
	at cucumber.runtime.StepDefinitionMatch.runStep(StepDefinitionMatch.java:37)
	at cucumber.runtime.Runtime.runStep(Runtime.java:300)
	at cucumber.runtime.model.StepContainer.runStep(StepContainer.java:44)
	at cucumber.runtime.model.StepContainer.runSteps(StepContainer.java:39)
	at cucumber.runtime.model.CucumberScenario.run(CucumberScenario.java:44)
	at cucumber.runtime.junit.ExecutionUnitRunner.run(ExecutionUnitRunner.java:102)
	at org.junit.runners.Suite.runChild(Suite.java:128)
	at org.junit.runners.Suite.runChild(Suite.java:27)
	at org.junit.runners.ParentRunner$3.run(ParentRunner.java:290)
	at org.junit.runners.ParentRunner$1.schedule(ParentRunner.java:71)
	at org.junit.runners.ParentRunner.runChildren(ParentRunner.java:288)
	at org.junit.runners.ParentRunner.access$000(ParentRunner.java:58)
	at org.junit.runners.ParentRunner$2.evaluate(ParentRunner.java:268)
	at org.junit.runners.ParentRunner.run(ParentRunner.java:363)
	at cucumber.runtime.junit.ExamplesRunner.run(ExamplesRunner.java:59)
	at org.junit.runners.Suite.runChild(Suite.java:128)
	at org.junit.runners.Suite.runChild(Suite.java:27)
	at org.junit.runners.ParentRunner$3.run(ParentRunner.java:290)
	at org.junit.runners.ParentRunner$1.schedule(ParentRunner.java:71)
	at org.junit.runners.ParentRunner.runChildren(ParentRunner.java:288)
	at org.junit.runners.ParentRunner.access$000(ParentRunner.java:58)
	at org.junit.runners.ParentRunner$2.evaluate(ParentRunner.java:268)
	at org.junit.runners.ParentRunner.run(ParentRunner.java:363)
	at cucumber.runtime.junit.ScenarioOutlineRunner.run(ScenarioOutlineRunner.java:53)
	at cucumber.runtime.junit.FeatureRunner.runChild(FeatureRunner.java:63)
	at cucumber.runtime.junit.FeatureRunner.runChild(FeatureRunner.java:18)
	at org.junit.runners.ParentRunner$3.run(ParentRunner.java:290)
	at org.junit.runners.ParentRunner$1.schedule(ParentRunner.java:71)
	at org.junit.runners.ParentRunner.runChildren(ParentRunner.java:288)
	at org.junit.runners.ParentRunner.access$000(ParentRunner.java:58)
	at org.junit.runners.ParentRunner$2.evaluate(ParentRunner.java:268)
	at org.junit.runners.ParentRunner.run(ParentRunner.java:363)
	at cucumber.runtime.junit.FeatureRunner.run(FeatureRunner.java:70)
	at cucumber.api.junit.Cucumber.runChild(Cucumber.java:95)
	at cucumber.api.junit.Cucumber.runChild(Cucumber.java:38)
	at org.junit.runners.ParentRunner$3.run(ParentRunner.java:290)
	at org.junit.runners.ParentRunner$1.schedule(ParentRunner.java:71)
	at org.junit.runners.ParentRunner.runChildren(ParentRunner.java:288)
	at org.junit.runners.ParentRunner.access$000(ParentRunner.java:58)
	at org.junit.runners.ParentRunner$2.evaluate(ParentRunner.java:268)
	at org.junit.runners.ParentRunner.run(ParentRunner.java:363)
	at cucumber.api.junit.Cucumber.run(Cucumber.java:100)
	at org.gradle.api.internal.tasks.testing.junit.JUnitTestClassExecuter.runTestClass(JUnitTestClassExecuter.java:114)
	at org.gradle.api.internal.tasks.testing.junit.JUnitTestClassExecuter.execute(JUnitTestClassExecuter.java:57)
	at org.gradle.api.internal.tasks.testing.junit.JUnitTestClassProcessor.processTestClass(JUnitTestClassProcessor.java:66)
	at org.gradle.api.internal.tasks.testing.SuiteTestClassProcessor.processTestClass(SuiteTestClassProcessor.java:51)
	at org.gradle.internal.dispatch.ReflectionDispatch.dispatch(ReflectionDispatch.java:35)
	at org.gradle.internal.dispatch.ReflectionDispatch.dispatch(ReflectionDispatch.java:24)
	at org.gradle.internal.dispatch.ContextClassLoaderDispatch.dispatch(ContextClassLoaderDispatch.java:32)
	at org.gradle.internal.dispatch.ProxyDispatchAdapter$DispatchingInvocationHandler.invoke(ProxyDispatchAdapter.java:93)
	at com.sun.proxy.$Proxy2.processTestClass(Unknown Source)
	at org.gradle.api.internal.tasks.testing.worker.TestWorker.processTestClass(TestWorker.java:109)
	at org.gradle.internal.dispatch.ReflectionDispatch.dispatch(ReflectionDispatch.java:35)
	at org.gradle.internal.dispatch.ReflectionDispatch.dispatch(ReflectionDispatch.java:24)
	at org.gradle.internal.remote.internal.hub.MessageHubBackedObjectConnection$DispatchWrapper.dispatch(MessageHubBackedObjectConnection.java:147)
	at org.gradle.internal.remote.internal.hub.MessageHubBackedObjectConnection$DispatchWrapper.dispatch(MessageHubBackedObjectConnection.java:129)
	at org.gradle.internal.remote.internal.hub.MessageHub$Handler.run(MessageHub.java:404)
	at org.gradle.internal.concurrent.ExecutorPolicy$CatchAndRecordFailures.onExecute(ExecutorPolicy.java:63)
	at org.gradle.internal.concurrent.StoppableExecutorImpl$1.run(StoppableExecutorImpl.java:46)

geb.waiting.WaitTimeoutException: condition did not pass in 7.0 seconds (failed with exception)
	at geb.waiting.Wait.waitFor(Wait.groovy:138)
	at geb.waiting.Wait$waitFor.call(Unknown Source)
	at geb.waiting.Wait$waitFor.call(Unknown Source)
	at geb.waiting.DefaultWaitingSupport.doWaitFor(DefaultWaitingSupport.groovy:51)
	at geb.waiting.DefaultWaitingSupport.waitFor(DefaultWaitingSupport.groovy:38)
	at geb.waiting.WaitingSupport$waitFor$0.call(Unknown Source)
	at geb.waiting.WaitingSupport$waitFor$0.call(Unknown Source)
	at geb.Page.waitFor(Page.groovy:535)
	at geb.Page.waitFor(Page.groovy)
	at geb.Page$waitFor$4.callCurrent(Unknown Source)
	at au.com.redboxresearchdata.dlcf.page.GenericLayoutPage.assertLoginHeaderIsVisible(GenericLayoutPage.groovy:79)
	at au.com.redboxresearchdata.dlcf.page.GenericLayoutPage.assertIsNotLoggedIn(GenericLayoutPage.groovy:74)
	at au.com.redboxresearchdata.dlcf.page.GenericLayoutPage$assertIsNotLoggedIn$0.call(Unknown Source)
	at steps.login_steps$_run_closure10.doCall(login_steps.groovy:61)
	at ✽.When I do not log in(Login.feature:17)
Caused by: geb.error.RequiredPageContentNotPresent: The required page content 'au.com.redboxresearchdata.dlcf.page.LoginPage -&gt; loginHeader: au.com.redboxresearchdata.dlcf.module.login.LoginHeaderModule -&gt; layout: au.com.redboxresearchdata.dlcf.module.LayoutModule -&gt; header: geb.navigator.EmptyNavigator' is not present
	at geb.content.TemplateDerivedPageContent.require(TemplateDerivedPageContent.groovy:60)
	at geb.content.PageContentTemplate$_create_closure1.doCall(PageContentTemplate.groovy:63)
	at geb.content.PageContentTemplate$_create_closure1.doCall(PageContentTemplate.groovy)
	at geb.content.PageContentTemplate.create(PageContentTemplate.groovy:82)
	at geb.content.PageContentTemplate.get(PageContentTemplate.groovy:54)
	at geb.content.DefaultPageContentSupport.getContent(DefaultPageContentSupport.groovy:42)
	at geb.content.PageContentSupport.propertyMissing(PageContentSupport.groovy:39)
	at geb.content.PageContentSupport$propertyMissing.call(Unknown Source)
	at geb.Module.propertyMissing(Module.groovy:106)
	at geb.Module.getProperty(Module.groovy)
	at geb.content.TemplateDerivedPageContent.propertyMissing(TemplateDerivedPageContent.groovy:88)
	at geb.content.TemplateDerivedPageContent.getProperty(TemplateDerivedPageContent.groovy)
	at au.com.redboxresearchdata.dlcf.module.login.LoginHeaderModule$__clinit__closure1$_closure3.doCall(LoginHeaderModule.groovy:33)
	at au.com.redboxresearchdata.dlcf.module.login.LoginHeaderModule$__clinit__closure1$_closure3.doCall(LoginHeaderModule.groovy)
	at geb.content.PageContentTemplate.invokeFactory(PageContentTemplate.groovy:97)
	at geb.content.PageContentTemplate$_create_closure1.doCall(PageContentTemplate.groovy:59)
	at geb.content.PageContentTemplate$_create_closure1.doCall(PageContentTemplate.groovy)
	at geb.content.PageContentTemplate.create(PageContentTemplate.groovy:82)
	at geb.content.PageContentTemplate.get(PageContentTemplate.groovy:54)
	at geb.content.DefaultPageContentSupport.getContent(DefaultPageContentSupport.groovy:42)
	at geb.content.PageContentSupport.propertyMissing(PageContentSupport.groovy:39)
	at geb.content.PageContentSupport$propertyMissing.call(Unknown Source)
	at geb.Module.propertyMissing(Module.groovy:106)
	at geb.Module.getProperty(Module.groovy)
	at geb.content.TemplateDerivedPageContent.propertyMissing(TemplateDerivedPageContent.groovy:88)
	at geb.content.TemplateDerivedPageContent.getProperty(TemplateDerivedPageContent.groovy)
	at au.com.redboxresearchdata.dlcf.page.GenericLayoutPage$_assertLoginHeaderIsVisible_closure2.doCall(GenericLayoutPage.groovy:79)
	at au.com.redboxresearchdata.dlcf.page.GenericLayoutPage$_assertLoginHeaderIsVisible_closure2.doCall(GenericLayoutPage.groovy)
	at geb.waiting.Wait.waitFor(Wait.groovy:127)
	at geb.waiting.Wait$waitFor.call(Unknown Source)
	at geb.waiting.Wait$waitFor.call(Unknown Source)
	at geb.waiting.DefaultWaitingSupport.doWaitFor(DefaultWaitingSupport.groovy:51)
	at geb.waiting.DefaultWaitingSupport.waitFor(DefaultWaitingSupport.groovy:38)
	at geb.waiting.WaitingSupport$waitFor$0.call(Unknown Source)
	at geb.waiting.WaitingSupport$waitFor$0.call(Unknown Source)
	at geb.Page.waitFor(Page.groovy:535)
	at geb.Page.waitFor(Page.groovy)
	at geb.Page$waitFor$4.callCurrent(Unknown Source)
	at au.com.redboxresearchdata.dlcf.page.GenericLayoutPage.assertLoginHeaderIsVisible(GenericLayoutPage.groovy:79)
	at au.com.redboxresearchdata.dlcf.page.GenericLayoutPage.assertIsNotLoggedIn(GenericLayoutPage.groovy:74)
	at au.com.redboxresearchdata.dlcf.page.GenericLayoutPage$assertIsNotLoggedIn$0.call(Unknown Source)
	at steps.login_steps$_run_closure10.doCall(login_steps.groovy:61)
	at cucumber.runtime.groovy.GroovyBackend.invoke(GroovyBackend.java:155)
	at cucumber.runtime.groovy.GroovyStepDefinition$1.call(GroovyStepDefinition.java:67)
	at cucumber.runtime.Timeout.timeout(Timeout.java:16)
	at cucumber.runtime.groovy.GroovyStepDefinition.execute(GroovyStepDefinition.java:64)
	at cucumber.runtime.StepDefinitionMatch.runStep(StepDefinitionMatch.java:37)
	at cucumber.runtime.Runtime.runStep(Runtime.java:300)
	at cucumber.runtime.model.StepContainer.runStep(StepContainer.java:44)
	at cucumber.runtime.model.StepContainer.runSteps(StepContainer.java:39)
	at cucumber.runtime.model.CucumberScenario.run(CucumberScenario.java:44)
	at cucumber.runtime.junit.ExecutionUnitRunner.run(ExecutionUnitRunner.java:102)
	at org.junit.runners.Suite.runChild(Suite.java:128)
	at org.junit.runners.Suite.runChild(Suite.java:27)
	at org.junit.runners.ParentRunner$3.run(ParentRunner.java:290)
	at org.junit.runners.ParentRunner$1.schedule(ParentRunner.java:71)
	at org.junit.runners.ParentRunner.runChildren(ParentRunner.java:288)
	at org.junit.runners.ParentRunner.access$000(ParentRunner.java:58)
	at org.junit.runners.ParentRunner$2.evaluate(ParentRunner.java:268)
	at org.junit.runners.ParentRunner.run(ParentRunner.java:363)
	at cucumber.runtime.junit.ExamplesRunner.run(ExamplesRunner.java:59)
	at org.junit.runners.Suite.runChild(Suite.java:128)
	at org.junit.runners.Suite.runChild(Suite.java:27)
	at org.junit.runners.ParentRunner$3.run(ParentRunner.java:290)
	at org.junit.runners.ParentRunner$1.schedule(ParentRunner.java:71)
	at org.junit.runners.ParentRunner.runChildren(ParentRunner.java:288)
	at org.junit.runners.ParentRunner.access$000(ParentRunner.java:58)
	at org.junit.runners.ParentRunner$2.evaluate(ParentRunner.java:268)
	at org.junit.runners.ParentRunner.run(ParentRunner.java:363)
	at cucumber.runtime.junit.ScenarioOutlineRunner.run(ScenarioOutlineRunner.java:53)
	at cucumber.runtime.junit.FeatureRunner.runChild(FeatureRunner.java:63)
	at cucumber.runtime.junit.FeatureRunner.runChild(FeatureRunner.java:18)
	at org.junit.runners.ParentRunner$3.run(ParentRunner.java:290)
	at org.junit.runners.ParentRunner$1.schedule(ParentRunner.java:71)
	at org.junit.runners.ParentRunner.runChildren(ParentRunner.java:288)
	at org.junit.runners.ParentRunner.access$000(ParentRunner.java:58)
	at org.junit.runners.ParentRunner$2.evaluate(ParentRunner.java:268)
	at org.junit.runners.ParentRunner.run(ParentRunner.java:363)
	at cucumber.runtime.junit.FeatureRunner.run(FeatureRunner.java:70)
	at cucumber.api.junit.Cucumber.runChild(Cucumber.java:95)
	at cucumber.api.junit.Cucumber.runChild(Cucumber.java:38)
	at org.junit.runners.ParentRunner$3.run(ParentRunner.java:290)
	at org.junit.runners.ParentRunner$1.schedule(ParentRunner.java:71)
	at org.junit.runners.ParentRunner.runChildren(ParentRunner.java:288)
	at org.junit.runners.ParentRunner.access$000(ParentRunner.java:58)
	at org.junit.runners.ParentRunner$2.evaluate(ParentRunner.java:268)
	at org.junit.runners.ParentRunner.run(ParentRunner.java:363)
	at cucumber.api.junit.Cucumber.run(Cucumber.java:100)
	at org.gradle.api.internal.tasks.testing.junit.JUnitTestClassExecuter.runTestClass(JUnitTestClassExecuter.java:114)
	at org.gradle.api.internal.tasks.testing.junit.JUnitTestClassExecuter.execute(JUnitTestClassExecuter.java:57)
	at org.gradle.api.internal.tasks.testing.junit.JUnitTestClassProcessor.processTestClass(JUnitTestClassProcessor.java:66)
	at org.gradle.api.internal.tasks.testing.SuiteTestClassProcessor.processTestClass(SuiteTestClassProcessor.java:51)
	at org.gradle.internal.dispatch.ReflectionDispatch.dispatch(ReflectionDispatch.java:35)
	at org.gradle.internal.dispatch.ReflectionDispatch.dispatch(ReflectionDispatch.java:24)
	at org.gradle.internal.dispatch.ContextClassLoaderDispatch.dispatch(ContextClassLoaderDispatch.java:32)
	at org.gradle.internal.dispatch.ProxyDispatchAdapter$DispatchingInvocationHandler.invoke(ProxyDispatchAdapter.java:93)
	at com.sun.proxy.$Proxy2.processTestClass(Unknown Source)
	at org.gradle.api.internal.tasks.testing.worker.TestWorker.processTestClass(TestWorker.java:109)
	at org.gradle.internal.dispatch.ReflectionDispatch.dispatch(ReflectionDispatch.java:35)
	at org.gradle.internal.dispatch.ReflectionDispatch.dispatch(ReflectionDispatch.java:24)
	at org.gradle.internal.remote.internal.hub.MessageHubBackedObjectConnection$DispatchWrapper.dispatch(MessageHubBackedObjectConnection.java:147)
	at org.gradle.internal.remote.internal.hub.MessageHubBackedObjectConnection$DispatchWrapper.dispatch(MessageHubBackedObjectConnection.java:129)
	at org.gradle.internal.remote.internal.hub.MessageHub$Handler.run(MessageHub.java:404)
	at org.gradle.internal.concurrent.ExecutorPolicy$CatchAndRecordFailures.onExecute(ExecutorPolicy.java:63)
	at org.gradle.internal.concurrent.StoppableExecutorImpl$1.run(StoppableExecutorImpl.java:46)

geb.waiting.WaitTimeoutException: condition did not pass in 7.0 seconds (failed with exception)
	at geb.waiting.Wait.waitFor(Wait.groovy:138)
	at geb.waiting.Wait$waitFor.call(Unknown Source)
	at geb.waiting.Wait$waitFor.call(Unknown Source)
	at geb.Page.verifyThisPageAtOnly(Page.groovy:243)
	at geb.Page.getAtVerificationResult(Page.groovy:223)
	at geb.Page.verifyAt(Page.groovy:194)
	at geb.Page$verifyAt$3.call(Unknown Source)
	at geb.Page$verifyAt$3.call(Unknown Source)
	at geb.Browser.doAt(Browser.groovy:457)
	at geb.Browser.at(Browser.groovy:356)
	at geb.Browser$at$5.callCurrent(Unknown Source)
	at geb.Browser$at$5.callCurrent(Unknown Source)
	at geb.Browser.to(Browser.groovy:571)
	at geb.Browser$to$1.callCurrent(Unknown Source)
	at geb.Browser$to$1.callCurrent(Unknown Source)
	at geb.Browser.to(Browser.groovy:548)
	at geb.Browser$to$0.callCurrent(Unknown Source)
	at geb.Browser.to(Browser.groovy:537)
	at geb.Browser.to(Browser.groovy)
	at geb.binding.BindingUpdater$InvocationForwarding.doCall(BindingUpdater.groovy:73)
	at steps.home_steps$_run_closure1.doCall(home_steps.groovy:28)
	at ✽.Given I go to the home page(Login.feature:27)
Caused by: geb.waiting.WaitTimeoutException: condition did not pass in 7.0 seconds (failed with exception)
	at geb.waiting.Wait.waitFor(Wait.groovy:138)
	at geb.waiting.Wait$waitFor.call(Unknown Source)
	at geb.waiting.Wait$waitFor.call(Unknown Source)
	at geb.waiting.DefaultWaitingSupport.doWaitFor(DefaultWaitingSupport.groovy:51)
	at geb.waiting.DefaultWaitingSupport.waitFor(DefaultWaitingSupport.groovy:38)
	at geb.waiting.WaitingSupport$waitFor$0.call(Unknown Source)
	at geb.waiting.WaitingSupport$waitFor$0.call(Unknown Source)
	at geb.Page.waitFor(Page.groovy:535)
	at geb.Page.waitFor(Page.groovy)
	at geb.waiting.WaitingSupport$waitFor.callCurrent(Unknown Source)
	at au.com.redboxresearchdata.dlcf.page.HomePage.assertMainPanelIsVisible(HomePage.groovy:39)
	at au.com.redboxresearchdata.dlcf.page.HomePage$__clinit__closure3.doCall(HomePage.groovy:11)
	at au.com.redboxresearchdata.dlcf.page.HomePage$__clinit__closure3.doCall(HomePage.groovy)
	at geb.waiting.Wait.waitFor(Wait.groovy:117)
	at geb.waiting.Wait$waitFor.call(Unknown Source)
	at geb.waiting.Wait$waitFor.call(Unknown Source)
	at geb.Page.verifyThisPageAtOnly(Page.groovy:243)
	at geb.Page.getAtVerificationResult(Page.groovy:223)
	at geb.Page.verifyAt(Page.groovy:194)
	at geb.Page$verifyAt$3.call(Unknown Source)
	at geb.Page$verifyAt$3.call(Unknown Source)
	at geb.Browser.doAt(Browser.groovy:457)
	at geb.Browser.at(Browser.groovy:356)
	at geb.Browser$at$5.callCurrent(Unknown Source)
	at geb.Browser$at$5.callCurrent(Unknown Source)
	at geb.Browser.to(Browser.groovy:571)
	at geb.Browser$to$1.callCurrent(Unknown Source)
	at geb.Browser$to$1.callCurrent(Unknown Source)
	at geb.Browser.to(Browser.groovy:548)
	at geb.Browser$to$0.callCurrent(Unknown Source)
	at geb.Browser.to(Browser.groovy:537)
	at geb.Browser.to(Browser.groovy)
	at geb.binding.BindingUpdater$InvocationForwarding.doCall(BindingUpdater.groovy:73)
	at steps.home_steps$_run_closure1.doCall(home_steps.groovy:28)
	at cucumber.runtime.groovy.GroovyBackend.invoke(GroovyBackend.java:155)
	at cucumber.runtime.groovy.GroovyStepDefinition$1.call(GroovyStepDefinition.java:67)
	at cucumber.runtime.Timeout.timeout(Timeout.java:16)
	at cucumber.runtime.groovy.GroovyStepDefinition.execute(GroovyStepDefinition.java:64)
	at cucumber.runtime.StepDefinitionMatch.runStep(StepDefinitionMatch.java:37)
	at cucumber.runtime.Runtime.runStep(Runtime.java:300)
	at cucumber.runtime.model.StepContainer.runStep(StepContainer.java:44)
	at cucumber.runtime.model.StepContainer.runSteps(StepContainer.java:39)
	at cucumber.runtime.model.CucumberScenario.run(CucumberScenario.java:44)
	at cucumber.runtime.junit.ExecutionUnitRunner.run(ExecutionUnitRunner.java:102)
	at cucumber.runtime.junit.FeatureRunner.runChild(FeatureRunner.java:63)
	at cucumber.runtime.junit.FeatureRunner.runChild(FeatureRunner.java:18)
	at org.junit.runners.ParentRunner$3.run(ParentRunner.java:290)
	at org.junit.runners.ParentRunner$1.schedule(ParentRunner.java:71)
	at org.junit.runners.ParentRunner.runChildren(ParentRunner.java:288)
	at org.junit.runners.ParentRunner.access$000(ParentRunner.java:58)
	at org.junit.runners.ParentRunner$2.evaluate(ParentRunner.java:268)
	at org.junit.runners.ParentRunner.run(ParentRunner.java:363)
	at cucumber.runtime.junit.FeatureRunner.run(FeatureRunner.java:70)
	at cucumber.api.junit.Cucumber.runChild(Cucumber.java:95)
	at cucumber.api.junit.Cucumber.runChild(Cucumber.java:38)
	at org.junit.runners.ParentRunner$3.run(ParentRunner.java:290)
	at org.junit.runners.ParentRunner$1.schedule(ParentRunner.java:71)
	at org.junit.runners.ParentRunner.runChildren(ParentRunner.java:288)
	at org.junit.runners.ParentRunner.access$000(ParentRunner.java:58)
	at org.junit.runners.ParentRunner$2.evaluate(ParentRunner.java:268)
	at org.junit.runners.ParentRunner.run(ParentRunner.java:363)
	at cucumber.api.junit.Cucumber.run(Cucumber.java:100)
	at org.gradle.api.internal.tasks.testing.junit.JUnitTestClassExecuter.runTestClass(JUnitTestClassExecuter.java:114)
	at org.gradle.api.internal.tasks.testing.junit.JUnitTestClassExecuter.execute(JUnitTestClassExecuter.java:57)
	at org.gradle.api.internal.tasks.testing.junit.JUnitTestClassProcessor.processTestClass(JUnitTestClassProcessor.java:66)
	at org.gradle.api.internal.tasks.testing.SuiteTestClassProcessor.processTestClass(SuiteTestClassProcessor.java:51)
	at org.gradle.internal.dispatch.ReflectionDispatch.dispatch(ReflectionDispatch.java:35)
	at org.gradle.internal.dispatch.ReflectionDispatch.dispatch(ReflectionDispatch.java:24)
	at org.gradle.internal.dispatch.ContextClassLoaderDispatch.dispatch(ContextClassLoaderDispatch.java:32)
	at org.gradle.internal.dispatch.ProxyDispatchAdapter$DispatchingInvocationHandler.invoke(ProxyDispatchAdapter.java:93)
	at com.sun.proxy.$Proxy2.processTestClass(Unknown Source)
	at org.gradle.api.internal.tasks.testing.worker.TestWorker.processTestClass(TestWorker.java:109)
	at org.gradle.internal.dispatch.ReflectionDispatch.dispatch(ReflectionDispatch.java:35)
	at org.gradle.internal.dispatch.ReflectionDispatch.dispatch(ReflectionDispatch.java:24)
	at org.gradle.internal.remote.internal.hub.MessageHubBackedObjectConnection$DispatchWrapper.dispatch(MessageHubBackedObjectConnection.java:147)
	at org.gradle.internal.remote.internal.hub.MessageHubBackedObjectConnection$DispatchWrapper.dispatch(MessageHubBackedObjectConnection.java:129)
	at org.gradle.internal.remote.internal.hub.MessageHub$Handler.run(MessageHub.java:404)
	at org.gradle.internal.concurrent.ExecutorPolicy$CatchAndRecordFailures.onExecute(ExecutorPolicy.java:63)
	at org.gradle.internal.concurrent.StoppableExecutorImpl$1.run(StoppableExecutorImpl.java:46)
Caused by: geb.error.RequiredPageContentNotPresent: The required page content 'au.com.redboxresearchdata.dlcf.page.HomePage -&gt; layout: au.com.redboxresearchdata.dlcf.module.LayoutModule -&gt; defaultPanel: geb.navigator.EmptyNavigator' is not present
	at geb.content.TemplateDerivedPageContent.require(TemplateDerivedPageContent.groovy:60)
	at geb.content.PageContentTemplate$_create_closure1.doCall(PageContentTemplate.groovy:63)
	at geb.content.PageContentTemplate$_create_closure1.doCall(PageContentTemplate.groovy)
	at geb.content.PageContentTemplate.create(PageContentTemplate.groovy:82)
	at geb.content.PageContentTemplate.get(PageContentTemplate.groovy:54)
	at geb.content.DefaultPageContentSupport.getContent(DefaultPageContentSupport.groovy:42)
	at geb.content.PageContentSupport.propertyMissing(PageContentSupport.groovy:39)
	at geb.content.PageContentSupport$propertyMissing.call(Unknown Source)
	at geb.Module.propertyMissing(Module.groovy:106)
	at geb.Module.getProperty(Module.groovy)
	at geb.content.TemplateDerivedPageContent.propertyMissing(TemplateDerivedPageContent.groovy:88)
	at geb.content.TemplateDerivedPageContent.getProperty(TemplateDerivedPageContent.groovy)
	at au.com.redboxresearchdata.dlcf.page.HomePage$__clinit__closure4$_closure5.doCall(HomePage.groovy:15)
	at au.com.redboxresearchdata.dlcf.page.HomePage$__clinit__closure4$_closure5.doCall(HomePage.groovy)
	at geb.content.PageContentTemplate.invokeFactory(PageContentTemplate.groovy:97)
	at geb.content.PageContentTemplate$_create_closure1.doCall(PageContentTemplate.groovy:59)
	at geb.content.PageContentTemplate$_create_closure1.doCall(PageContentTemplate.groovy)
	at geb.content.PageContentTemplate.create(PageContentTemplate.groovy:82)
	at geb.content.PageContentTemplate.get(PageContentTemplate.groovy:54)
	at geb.content.DefaultPageContentSupport.getContent(DefaultPageContentSupport.groovy:42)
	at geb.content.PageContentSupport.propertyMissing(PageContentSupport.groovy:39)
	at geb.content.PageContentSupport$propertyMissing.call(Unknown Source)
	at geb.Page.propertyMissing(Page.groovy:112)
	at geb.Page.getProperty(Page.groovy)
	at geb.content.PageContentTemplateFactoryDelegate.propertyMissing(PageContentTemplateFactoryDelegate.groovy:45)
	at geb.content.PageContentTemplateFactoryDelegate.getProperty(PageContentTemplateFactoryDelegate.groovy)
	at au.com.redboxresearchdata.dlcf.page.HomePage$__clinit__closure4$_closure6.doCall(HomePage.groovy:18)
	at au.com.redboxresearchdata.dlcf.page.HomePage$__clinit__closure4$_closure6.doCall(HomePage.groovy)
	at geb.content.PageContentTemplate.invokeFactory(PageContentTemplate.groovy:97)
	at geb.content.PageContentTemplate$_create_closure1.doCall(PageContentTemplate.groovy:59)
	at geb.content.PageContentTemplate$_create_closure1.doCall(PageContentTemplate.groovy)
	at geb.content.PageContentTemplate.create(PageContentTemplate.groovy:82)
	at geb.content.PageContentTemplate.get(PageContentTemplate.groovy:54)
	at geb.content.DefaultPageContentSupport.getContent(DefaultPageContentSupport.groovy:42)
	at geb.content.PageContentSupport.propertyMissing(PageContentSupport.groovy:39)
	at geb.content.PageContentSupport$propertyMissing.call(Unknown Source)
	at geb.Page.propertyMissing(Page.groovy:112)
	at geb.Page.getProperty(Page.groovy)
	at geb.content.PageContentTemplateFactoryDelegate.propertyMissing(PageContentTemplateFactoryDelegate.groovy:45)
	at geb.content.PageContentTemplateFactoryDelegate.getProperty(PageContentTemplateFactoryDelegate.groovy)
	at au.com.redboxresearchdata.dlcf.page.HomePage$__clinit__closure4$_closure7.doCall(HomePage.groovy:23)
	at au.com.redboxresearchdata.dlcf.page.HomePage$__clinit__closure4$_closure7.doCall(HomePage.groovy)
	at geb.content.PageContentTemplate.invokeFactory(PageContentTemplate.groovy:97)
	at geb.content.PageContentTemplate$_create_closure1.doCall(PageContentTemplate.groovy:59)
	at geb.content.PageContentTemplate$_create_closure1.doCall(PageContentTemplate.groovy)
	at geb.content.PageContentTemplate.create(PageContentTemplate.groovy:82)
	at geb.content.PageContentTemplate.get(PageContentTemplate.groovy:54)
	at geb.content.DefaultPageContentSupport.getContent(DefaultPageContentSupport.groovy:42)
	at geb.content.PageContentSupport.propertyMissing(PageContentSupport.groovy:39)
	at geb.content.PageContentSupport$propertyMissing.call(Unknown Source)
	at geb.Page.propertyMissing(Page.groovy:112)
	at geb.Page.getProperty(Page.groovy)
	at au.com.redboxresearchdata.dlcf.page.HomePage$_assertMainPanelIsVisible_closure1.doCall(HomePage.groovy:39)
	at au.com.redboxresearchdata.dlcf.page.HomePage$_assertMainPanelIsVisible_closure1.doCall(HomePage.groovy)
	at geb.waiting.Wait.waitFor(Wait.groovy:127)
	... 78 more

geb.error.RequiredPageContentNotPresent: The required page content 'au.com.redboxresearchdata.dlcf.page.LoginPage -&gt; local: au.com.redboxresearchdata.dlcf.module.login.LocalLoginModule -&gt; login: au.com.redboxresearchdata.dlcf.module.login.LoginModule -&gt; layout: au.com.redboxresearchdata.dlcf.module.LayoutModule -&gt; defaultPanel: geb.navigator.EmptyNavigator' is not present
	at geb.content.TemplateDerivedPageContent.require(TemplateDerivedPageContent.groovy:60)
	at geb.content.PageContentTemplate$_create_closure1.doCall(PageContentTemplate.groovy:63)
	at geb.content.PageContentTemplate$_create_closure1.doCall(PageContentTemplate.groovy)
	at geb.content.PageContentTemplate.create(PageContentTemplate.groovy:82)
	at geb.content.PageContentTemplate.get(PageContentTemplate.groovy:54)
	at geb.content.DefaultPageContentSupport.getContent(DefaultPageContentSupport.groovy:42)
	at geb.content.PageContentSupport.propertyMissing(PageContentSupport.groovy:39)
	at geb.content.PageContentSupport$propertyMissing.call(Unknown Source)
	at geb.Module.propertyMissing(Module.groovy:106)
	at geb.Module.getProperty(Module.groovy)
	at geb.content.TemplateDerivedPageContent.propertyMissing(TemplateDerivedPageContent.groovy:88)
	at geb.content.TemplateDerivedPageContent.getProperty(TemplateDerivedPageContent.groovy)
	at au.com.redboxresearchdata.dlcf.module.login.LoginModule$__clinit__closure1$_closure3.doCall(LoginModule.groovy:34)
	at au.com.redboxresearchdata.dlcf.module.login.LoginModule$__clinit__closure1$_closure3.doCall(LoginModule.groovy)
	at geb.content.PageContentTemplate.invokeFactory(PageContentTemplate.groovy:97)
	at geb.content.PageContentTemplate$_create_closure1.doCall(PageContentTemplate.groovy:59)
	at geb.content.PageContentTemplate$_create_closure1.doCall(PageContentTemplate.groovy)
	at geb.content.PageContentTemplate.create(PageContentTemplate.groovy:82)
	at geb.content.PageContentTemplate.get(PageContentTemplate.groovy:54)
	at geb.content.DefaultPageContentSupport.getContent(DefaultPageContentSupport.groovy:42)
	at geb.content.PageContentSupport.propertyMissing(PageContentSupport.groovy:39)
	at geb.content.PageContentSupport$propertyMissing.call(Unknown Source)
	at geb.Module.propertyMissing(Module.groovy:106)
	at geb.Module.getProperty(Module.groovy)
	at geb.content.PageContentTemplateFactoryDelegate.propertyMissing(PageContentTemplateFactoryDelegate.groovy:45)
	at geb.content.PageContentTemplateFactoryDelegate.getProperty(PageContentTemplateFactoryDelegate.groovy)
	at au.com.redboxresearchdata.dlcf.module.login.LoginModule$__clinit__closure1$_closure5.doCall(LoginModule.groovy:40)
	at au.com.redboxresearchdata.dlcf.module.login.LoginModule$__clinit__closure1$_closure5.doCall(LoginModule.groovy)
	at geb.content.PageContentTemplate.invokeFactory(PageContentTemplate.groovy:97)
	at geb.content.PageContentTemplate$_create_closure1.doCall(PageContentTemplate.groovy:59)
	at geb.content.PageContentTemplate$_create_closure1.doCall(PageContentTemplate.groovy)
	at geb.content.PageContentTemplate.create(PageContentTemplate.groovy:82)
	at geb.content.PageContentTemplate.get(PageContentTemplate.groovy:54)
	at geb.content.DefaultPageContentSupport.getContent(DefaultPageContentSupport.groovy:42)
	at geb.content.PageContentSupport.propertyMissing(PageContentSupport.groovy:39)
	at geb.content.PageContentSupport$propertyMissing.call(Unknown Source)
	at geb.Module.propertyMissing(Module.groovy:106)
	at geb.Module.getProperty(Module.groovy)
	at geb.content.TemplateDerivedPageContent.propertyMissing(TemplateDerivedPageContent.groovy:88)
	at geb.content.TemplateDerivedPageContent.getProperty(TemplateDerivedPageContent.groovy)
	at au.com.redboxresearchdata.dlcf.module.login.LocalLoginModule$__clinit__closure1$_closure4.doCall(LocalLoginModule.groovy:36)
	at au.com.redboxresearchdata.dlcf.module.login.LocalLoginModule$__clinit__closure1$_closure4.doCall(LocalLoginModule.groovy)
	at geb.content.PageContentTemplate.invokeFactory(PageContentTemplate.groovy:97)
	at geb.content.PageContentTemplate$_create_closure1.doCall(PageContentTemplate.groovy:59)
	at geb.content.PageContentTemplate$_create_closure1.doCall(PageContentTemplate.groovy)
	at geb.content.PageContentTemplate.create(PageContentTemplate.groovy:82)
	at geb.content.PageContentTemplate.get(PageContentTemplate.groovy:54)
	at geb.content.DefaultPageContentSupport.getContent(DefaultPageContentSupport.groovy:42)
	at geb.content.PageContentSupport.propertyMissing(PageContentSupport.groovy:39)
	at geb.content.PageContentSupport$propertyMissing.call(Unknown Source)
	at geb.Module.propertyMissing(Module.groovy:106)
	at geb.Module.getProperty(Module.groovy)
	at geb.content.PageContentTemplateFactoryDelegate.propertyMissing(PageContentTemplateFactoryDelegate.groovy:45)
	at geb.content.PageContentTemplateFactoryDelegate.getProperty(PageContentTemplateFactoryDelegate.groovy)
	at au.com.redboxresearchdata.dlcf.module.login.LocalLoginModule$__clinit__closure1$_closure5.doCall(LocalLoginModule.groovy:38)
	at au.com.redboxresearchdata.dlcf.module.login.LocalLoginModule$__clinit__closure1$_closure5.doCall(LocalLoginModule.groovy)
	at geb.content.PageContentTemplate.invokeFactory(PageContentTemplate.groovy:97)
	at geb.content.PageContentTemplate$_create_closure1.doCall(PageContentTemplate.groovy:59)
	at geb.content.PageContentTemplate$_create_closure1.doCall(PageContentTemplate.groovy)
	at geb.content.PageContentTemplate.create(PageContentTemplate.groovy:82)
	at geb.content.PageContentTemplate.get(PageContentTemplate.groovy:54)
	at geb.content.DefaultPageContentSupport.getContent(DefaultPageContentSupport.groovy:42)
	at geb.content.PageContentSupport.propertyMissing(PageContentSupport.groovy:52)
	at geb.content.PageContentSupport$propertyMissing$0.call(Unknown Source)
	at geb.Module.propertyMissing(Module.groovy:110)
	at geb.Module.setProperty(Module.groovy)
	at geb.content.TemplateDerivedPageContent.propertyMissing(TemplateDerivedPageContent.groovy:92)
	at geb.content.TemplateDerivedPageContent.setProperty(TemplateDerivedPageContent.groovy)
	at au.com.redboxresearchdata.dlcf.page.LoginPage.loginUsingLocalCredentials(LoginPage.groovy:32)
	at au.com.redboxresearchdata.dlcf.page.LoginPage$loginUsingLocalCredentials$0.callCurrent(Unknown Source)
	at au.com.redboxresearchdata.dlcf.page.LoginPage.loginUsingLocalCredentials(LoginPage.groovy:28)
	at au.com.redboxresearchdata.dlcf.page.LoginPage$loginUsingLocalCredentials.call(Unknown Source)
	at steps.login_steps$_run_closure1.doCall(login_steps.groovy:12)
	at ✽.When I log in using local credentials(Login.feature:36)

geb.error.RequiredPageContentNotPresent: The required page content 'au.com.redboxresearchdata.dlcf.page.LoginPage -&gt; aaf: au.com.redboxresearchdata.dlcf.module.login.AafLoginModule -&gt; login: au.com.redboxresearchdata.dlcf.module.login.LoginModule -&gt; layout: au.com.redboxresearchdata.dlcf.module.LayoutModule -&gt; defaultPanel: geb.navigator.EmptyNavigator' is not present
	at geb.content.TemplateDerivedPageContent.require(TemplateDerivedPageContent.groovy:60)
	at geb.content.PageContentTemplate$_create_closure1.doCall(PageContentTemplate.groovy:63)
	at geb.content.PageContentTemplate$_create_closure1.doCall(PageContentTemplate.groovy)
	at geb.content.PageContentTemplate.create(PageContentTemplate.groovy:82)
	at geb.content.PageContentTemplate.get(PageContentTemplate.groovy:54)
	at geb.content.DefaultPageContentSupport.getContent(DefaultPageContentSupport.groovy:42)
	at geb.content.PageContentSupport.propertyMissing(PageContentSupport.groovy:39)
	at geb.content.PageContentSupport$propertyMissing.call(Unknown Source)
	at geb.Module.propertyMissing(Module.groovy:106)
	at geb.Module.getProperty(Module.groovy)
	at geb.content.TemplateDerivedPageContent.propertyMissing(TemplateDerivedPageContent.groovy:88)
	at geb.content.TemplateDerivedPageContent.getProperty(TemplateDerivedPageContent.groovy)
	at au.com.redboxresearchdata.dlcf.module.login.LoginModule$__clinit__closure1$_closure3.doCall(LoginModule.groovy:34)
	at au.com.redboxresearchdata.dlcf.module.login.LoginModule$__clinit__closure1$_closure3.doCall(LoginModule.groovy)
	at geb.content.PageContentTemplate.invokeFactory(PageContentTemplate.groovy:97)
	at geb.content.PageContentTemplate$_create_closure1.doCall(PageContentTemplate.groovy:59)
	at geb.content.PageContentTemplate$_create_closure1.doCall(PageContentTemplate.groovy)
	at geb.content.PageContentTemplate.create(PageContentTemplate.groovy:82)
	at geb.content.PageContentTemplate.get(PageContentTemplate.groovy:54)
	at geb.content.DefaultPageContentSupport.getContent(DefaultPageContentSupport.groovy:42)
	at geb.content.PageContentSupport.propertyMissing(PageContentSupport.groovy:39)
	at geb.content.PageContentSupport$propertyMissing.call(Unknown Source)
	at geb.Module.propertyMissing(Module.groovy:106)
	at geb.Module.getProperty(Module.groovy)
	at geb.content.PageContentTemplateFactoryDelegate.propertyMissing(PageContentTemplateFactoryDelegate.groovy:45)
	at geb.content.PageContentTemplateFactoryDelegate.getProperty(PageContentTemplateFactoryDelegate.groovy)
	at au.com.redboxresearchdata.dlcf.module.login.LoginModule$__clinit__closure1$_closure5.doCall(LoginModule.groovy:40)
	at au.com.redboxresearchdata.dlcf.module.login.LoginModule$__clinit__closure1$_closure5.doCall(LoginModule.groovy)
	at geb.content.PageContentTemplate.invokeFactory(PageContentTemplate.groovy:97)
	at geb.content.PageContentTemplate$_create_closure1.doCall(PageContentTemplate.groovy:59)
	at geb.content.PageContentTemplate$_create_closure1.doCall(PageContentTemplate.groovy)
	at geb.content.PageContentTemplate.create(PageContentTemplate.groovy:82)
	at geb.content.PageContentTemplate.get(PageContentTemplate.groovy:54)
	at geb.content.DefaultPageContentSupport.getContent(DefaultPageContentSupport.groovy:42)
	at geb.content.PageContentSupport.propertyMissing(PageContentSupport.groovy:39)
	at geb.content.PageContentSupport$propertyMissing.call(Unknown Source)
	at geb.Module.propertyMissing(Module.groovy:106)
	at geb.Module.getProperty(Module.groovy)
	at geb.content.TemplateDerivedPageContent.propertyMissing(TemplateDerivedPageContent.groovy:88)
	at geb.content.TemplateDerivedPageContent.getProperty(TemplateDerivedPageContent.groovy)
	at au.com.redboxresearchdata.dlcf.module.login.AafLoginModule$__clinit__closure1$_closure4.doCall(AafLoginModule.groovy:36)
	at au.com.redboxresearchdata.dlcf.module.login.AafLoginModule$__clinit__closure1$_closure4.doCall(AafLoginModule.groovy)
	at geb.content.PageContentTemplate.invokeFactory(PageContentTemplate.groovy:97)
	at geb.content.PageContentTemplate$_create_closure1.doCall(PageContentTemplate.groovy:59)
	at geb.content.PageContentTemplate$_create_closure1.doCall(PageContentTemplate.groovy)
	at geb.content.PageContentTemplate.create(PageContentTemplate.groovy:82)
	at geb.content.PageContentTemplate.get(PageContentTemplate.groovy:54)
	at geb.content.DefaultPageContentSupport.getContent(DefaultPageContentSupport.groovy:42)
	at geb.content.PageContentSupport.propertyMissing(PageContentSupport.groovy:39)
	at geb.content.PageContentSupport$propertyMissing.call(Unknown Source)
	at geb.Module.propertyMissing(Module.groovy:106)
	at geb.Module.getProperty(Module.groovy)
	at geb.content.TemplateDerivedPageContent.propertyMissing(TemplateDerivedPageContent.groovy:88)
	at geb.content.TemplateDerivedPageContent.getProperty(TemplateDerivedPageContent.groovy)
	at au.com.redboxresearchdata.dlcf.page.LoginPage.enterAafLogin(LoginPage.groovy:40)
	at au.com.redboxresearchdata.dlcf.page.LoginPage$enterAafLogin$1.call(Unknown Source)
	at steps.login_steps$_run_closure2.doCall(login_steps.groovy:19)
	at ✽.When I log in using aaf credentials(Login.feature:36)

</pre>
</span>
</div>
</div>
<div id="footer">
<p>
<div>
<label class="hidden" id="label-for-line-wrapping-toggle" for="line-wrapping-toggle">Wrap lines
<input id="line-wrapping-toggle" type="checkbox" autocomplete="off"/>
</label>
</div>Generated by 
<a href="http://www.gradle.org">Gradle 3.5</a> at Aug 3, 2017 12:45:26 AM</p>
</div>
</div>
</body>
</html>
